[    0.000000] Initializing cgroup subsys cpuset
[    0.000000] Initializing cgroup subsys cpu
[    0.000000] Initializing cgroup subsys cpuacct
[    0.000000] Linux version 4.4.0-184-generic (buildd@lgw01-amd64-060) (gcc version 5.4.0 20160609 (Ubuntu 5.4.0-6ubuntu1~16.04.12) ) #214-Ubuntu SMP Thu Jun 4 10:14:11 UTC 2020 (Ubuntu 4.4.0-184.214-generic 4.4.223)
[    0.000000] Command line: BOOT_IMAGE=/boot/vmlinuz-4.4.0-184-generic root=LABEL=cloudimg-rootfs ro console=tty1 console=ttyS0
[    0.000000] KERNEL supported cpus:
[    0.000000]   Intel GenuineIntel
[    0.000000]   AMD AuthenticAMD
[    0.000000]   Centaur CentaurHauls
[    0.000000] x86/fpu: xstate_offset[2]:  576, xstate_sizes[2]:  256
[    0.000000] x86/fpu: Supporting XSAVE feature 0x01: 'x87 floating point registers'
[    0.000000] x86/fpu: Supporting XSAVE feature 0x02: 'SSE registers'
[    0.000000] x86/fpu: Supporting XSAVE feature 0x04: 'AVX registers'
[    0.000000] x86/fpu: Enabled xstate features 0x7, context size is 832 bytes, using 'standard' format.
[    0.000000] e820: BIOS-provided physical RAM map:
[    0.000000] BIOS-e820: [mem 0x0000000000000000-0x000000000009fbff] usable
[    0.000000] BIOS-e820: [mem 0x000000000009fc00-0x000000000009ffff] reserved
[    0.000000] BIOS-e820: [mem 0x00000000000f0000-0x00000000000fffff] reserved
[    0.000000] BIOS-e820: [mem 0x0000000000100000-0x000000003ffeffff] usable
[    0.000000] BIOS-e820: [mem 0x000000003fff0000-0x000000003fffffff] ACPI data
[    0.000000] BIOS-e820: [mem 0x00000000fec00000-0x00000000fec00fff] reserved
[    0.000000] BIOS-e820: [mem 0x00000000fee00000-0x00000000fee00fff] reserved
[    0.000000] BIOS-e820: [mem 0x00000000fffc0000-0x00000000ffffffff] reserved
[    0.000000] NX (Execute Disable) protection: active
[    0.000000] SMBIOS 2.5 present.
[    0.000000] Hypervisor detected: KVM
[    0.000000] e820: last_pfn = 0x3fff0 max_arch_pfn = 0x400000000
[    0.000000] MTRR: Disabled
[    0.000000] x86/PAT: MTRRs disabled, skipping PAT initialization too.
[    0.000000] CPU MTRRs all blank - virtualized system.
[    0.000000] x86/PAT: Configuration [0-7]: WB  WT  UC- UC  WB  WT  UC- UC  
[    0.000000] found SMP MP-table at [mem 0x0009fff0-0x0009ffff] mapped at [ffff88000009fff0]
[    0.000000] Scanning 1 areas for low memory corruption
[    0.000000] RAMDISK: [mem 0x362de000-0x37166fff]
[    0.000000] ACPI: Early table checksum verification disabled
[    0.000000] ACPI: RSDP 0x00000000000E0000 000024 (v02 VBOX  )
[    0.000000] ACPI: XSDT 0x000000003FFF0030 00003C (v01 VBOX   VBOXXSDT 00000001 ASL  00000061)
[    0.000000] ACPI: FACP 0x000000003FFF00F0 0000F4 (v04 VBOX   VBOXFACP 00000001 ASL  00000061)
[    0.000000] ACPI: DSDT 0x000000003FFF0470 002325 (v02 VBOX   VBOXBIOS 00000002 INTL 20100528)
[    0.000000] ACPI: FACS 0x000000003FFF0200 000040
[    0.000000] ACPI: FACS 0x000000003FFF0200 000040
[    0.000000] ACPI: APIC 0x000000003FFF0240 00005C (v02 VBOX   VBOXAPIC 00000001 ASL  00000061)
[    0.000000] ACPI: SSDT 0x000000003FFF02A0 0001CC (v01 VBOX   VBOXCPUT 00000002 INTL 20100528)
[    0.000000] No NUMA configuration found
[    0.000000] Faking a node at [mem 0x0000000000000000-0x000000003ffeffff]
[    0.000000] NODE_DATA(0) allocated [mem 0x3ffeb000-0x3ffeffff]
[    0.000000] kvm-clock: Using msrs 4b564d01 and 4b564d00
[    0.000000] kvm-clock: cpu 0, msr 0:3ffe3001, primary cpu clock
[    0.000000] kvm-clock: using sched offset of 5100608430 cycles
[    0.000000] clocksource: kvm-clock: mask: 0xffffffffffffffff max_cycles: 0x1cd42e4dffb, max_idle_ns: 881590591483 ns
[    0.000000] Zone ranges:
[    0.000000]   DMA      [mem 0x0000000000001000-0x0000000000ffffff]
[    0.000000]   DMA32    [mem 0x0000000001000000-0x000000003ffeffff]
[    0.000000]   Normal   empty
[    0.000000]   Device   empty
[    0.000000] Movable zone start for each node
[    0.000000] Early memory node ranges
[    0.000000]   node   0: [mem 0x0000000000001000-0x000000000009efff]
[    0.000000]   node   0: [mem 0x0000000000100000-0x000000003ffeffff]
[    0.000000] Initmem setup node 0 [mem 0x0000000000001000-0x000000003ffeffff]
[    0.000000] ACPI: PM-Timer IO Port: 0x4008
[    0.000000] IOAPIC[0]: apic_id 2, version 32, address 0xfec00000, GSI 0-23
[    0.000000] ACPI: INT_SRC_OVR (bus 0 bus_irq 0 global_irq 2 dfl dfl)
[    0.000000] ACPI: INT_SRC_OVR (bus 0 bus_irq 9 global_irq 9 low level)
[    0.000000] Using ACPI (MADT) for SMP configuration information
[    0.000000] smpboot: Allowing 2 CPUs, 0 hotplug CPUs
[    0.000000] PM: Registered nosave memory: [mem 0x00000000-0x00000fff]
[    0.000000] PM: Registered nosave memory: [mem 0x0009f000-0x0009ffff]
[    0.000000] PM: Registered nosave memory: [mem 0x000a0000-0x000effff]
[    0.000000] PM: Registered nosave memory: [mem 0x000f0000-0x000fffff]
[    0.000000] e820: [mem 0x40000000-0xfebfffff] available for PCI devices
[    0.000000] Booting paravirtualized kernel on KVM
[    0.000000] clocksource: refined-jiffies: mask: 0xffffffff max_cycles: 0xffffffff, max_idle_ns: 7645519600211568 ns
[    0.000000] setup_percpu: NR_CPUS:512 nr_cpumask_bits:512 nr_cpu_ids:2 nr_node_ids:1
[    0.000000] PERCPU: Embedded 33 pages/cpu @ffff88003fc00000 s95448 r8192 d31528 u1048576
[    0.000000] Built 1 zonelists in Node order, mobility grouping on.  Total pages: 257912
[    0.000000] Policy zone: DMA32
[    0.000000] Kernel command line: BOOT_IMAGE=/boot/vmlinuz-4.4.0-184-generic root=LABEL=cloudimg-rootfs ro console=tty1 console=ttyS0
[    0.000000] PID hash table entries: 4096 (order: 3, 32768 bytes)
[    0.000000] Memory: 997664K/1048120K available (8632K kernel code, 1336K rwdata, 4036K rodata, 1492K init, 1292K bss, 50456K reserved, 0K cma-reserved)
[    0.000000] SLUB: HWalign=64, Order=0-3, MinObjects=0, CPUs=2, Nodes=1
[    0.000000] Kernel/User page tables isolation: enabled
[    0.000000] Hierarchical RCU implementation.
[    0.000000] 	Build-time adjustment of leaf fanout to 64.
[    0.000000] 	RCU restricting CPUs from NR_CPUS=512 to nr_cpu_ids=2.
[    0.000000] RCU: Adjusting geometry for rcu_fanout_leaf=64, nr_cpu_ids=2
[    0.000000] NR_IRQS:33024 nr_irqs:440 16
[    0.000000] Console: colour VGA+ 80x25
[    0.000000] console [tty1] enabled
[    0.000000] console [ttyS0] enabled
[    0.000000] tsc: Detected 2394.460 MHz processor
[    0.385614] Calibrating delay loop (skipped) preset value.. 4788.92 BogoMIPS (lpj=9577840)
[    0.389666] pid_max: default: 32768 minimum: 301
[    0.391837] ACPI: Core revision 20150930
[    0.398849] ACPI: 2 ACPI AML tables successfully acquired and loaded
[    0.402318] Security Framework initialized
[    0.404478] Yama: becoming mindful.
[    0.406546] AppArmor: AppArmor initialized
[    0.409176] Dentry cache hash table entries: 131072 (order: 8, 1048576 bytes)
[    0.418070] Inode-cache hash table entries: 65536 (order: 7, 524288 bytes)
[    0.421308] Mount-cache hash table entries: 2048 (order: 2, 16384 bytes)
[    0.425762] Mountpoint-cache hash table entries: 2048 (order: 2, 16384 bytes)
[    0.430420] Initializing cgroup subsys io
[    0.432399] Initializing cgroup subsys memory
[    0.434516] Initializing cgroup subsys devices
[    0.436726] Initializing cgroup subsys freezer
[    0.438981] Initializing cgroup subsys net_cls
[    0.442808] Initializing cgroup subsys perf_event
[    0.445784] Initializing cgroup subsys net_prio
[    0.448606] Initializing cgroup subsys hugetlb
[    0.451603] Initializing cgroup subsys pids
[    0.455442] mce: CPU supports 0 MCE banks
[    0.458208] Last level iTLB entries: 4KB 64, 2MB 8, 4MB 8
[    0.460880] Last level dTLB entries: 4KB 64, 2MB 0, 4MB 0, 1GB 4
[    0.463375] Spectre V1 : Mitigation: usercopy/swapgs barriers and __user pointer sanitization
[    0.468575] Spectre V2 : Mitigation: Full generic retpoline
[    0.470912] Spectre V2 : Spectre v2 / SpectreRSB mitigation: Filling RSB on context switch
[    0.476271] Speculative Store Bypass: Vulnerable
[    0.478613] SRBDS: Unknown: Dependent on hypervisor status
[    0.483535] MDS: Vulnerable: Clear CPU buffers attempted, no microcode
[    0.495171] Freeing SMP alternatives memory: 36K
[    0.511815] ftrace: allocating 32319 entries in 127 pages
[    0.670862] smpboot: APIC(0) Converting physical 0 to logical package 0
[    0.678495] smpboot: Max logical packages: 1
[    0.683846] x2apic enabled
[    0.686819] Switched APIC routing to physical x2apic.
[    0.697154] ..TIMER: vector=0x30 apic1=0 pin1=2 apic2=-1 pin2=-1
[    0.808841] smpboot: CPU0: Intel(R) Core(TM) i7-5500U CPU @ 2.40GHz (family: 0x6, model: 0x3d, stepping: 0x4)
[    0.813641] Performance Events: unsupported p6 CPU model 61 no PMU driver, software events only.
[    0.838222] KVM setup paravirtual spinlock
[    0.841939] x86: Booting SMP configuration:
[    0.843947] .... node  #0, CPUs:      #1
[    0.845667] kvm-clock: cpu 1, msr 0:3ffe3041, secondary cpu clock
[    0.849752] mce: CPU supports 0 MCE banks
[    0.853385] x86: Booted up 1 node, 2 CPUs
[    0.856038] smpboot: Total of 2 processors activated (9577.84 BogoMIPS)
[    0.859704] devtmpfs: initialized
[    0.872480] evm: security.selinux
[    0.874574] evm: security.SMACK64
[    0.876443] evm: security.SMACK64EXEC
[    0.878347] evm: security.SMACK64TRANSMUTE
[    0.880357] evm: security.SMACK64MMAP
[    0.882404] evm: security.ima
[    0.884210] evm: security.capability
[    0.886534] clocksource: jiffies: mask: 0xffffffff max_cycles: 0xffffffff, max_idle_ns: 7645041785100000 ns
[    0.891263] futex hash table entries: 512 (order: 3, 32768 bytes)
[    0.894349] pinctrl core: initialized pinctrl subsystem
[    0.897152] RTC time: 17:46:38, date: 06/23/20
[    0.899778] NET: Registered protocol family 16
[    0.914270] cpuidle: using governor ladder
[    0.933746] cpuidle: using governor menu
[    0.935945] PCCT header not found.
[    0.938622] ACPI: bus type PCI registered
[    0.940871] acpiphp: ACPI Hot Plug PCI Controller Driver version: 0.5
[    0.943968] PCI: Using configuration type 1 for base access
[    0.959679] ACPI: Added _OSI(Module Device)
[    0.961863] ACPI: Added _OSI(Processor Device)
[    0.964240] ACPI: Added _OSI(3.0 _SCP Extensions)
[    0.966438] ACPI: Added _OSI(Processor Aggregator Device)
[    0.970873] ACPI: Executed 1 blocks of module-level executable AML code
[    0.985577] ACPI: Interpreter enabled
[    0.987622] ACPI: (supports S0 S5)
[    0.990178] ACPI: Using IOAPIC for interrupt routing
[    0.994395] PCI: Using host bridge windows from ACPI; if necessary, use "pci=nocrs" and report a bug
[    1.010145] ACPI: PCI Root Bridge [PCI0] (domain 0000 [bus 00-ff])
[    1.013181] acpi PNP0A03:00: _OSC: OS supports [ASPM ClockPM Segments MSI]
[    1.017764] acpi PNP0A03:00: _OSC: not requesting OS control; OS requires [ExtendedConfig ASPM ClockPM MSI]
[    1.024513] acpi PNP0A03:00: fail to add MMCONFIG information, can't access extended PCI configuration space under this bridge.
[    1.032324] PCI host bridge to bus 0000:00
[    1.034731] pci_bus 0000:00: root bus resource [io  0x0000-0x0cf7 window]
[    1.039884] pci_bus 0000:00: root bus resource [io  0x0d00-0xffff window]
[    1.043611] pci_bus 0000:00: root bus resource [mem 0x000a0000-0x000bffff window]
[    1.047210] pci_bus 0000:00: root bus resource [mem 0x40000000-0xfdffffff window]
[    1.050664] pci_bus 0000:00: root bus resource [bus 00-ff]
[    1.057013] pci 0000:00:01.1: legacy IDE quirk: reg 0x10: [io  0x01f0-0x01f7]
[    1.060184] pci 0000:00:01.1: legacy IDE quirk: reg 0x14: [io  0x03f6]
[    1.062876] pci 0000:00:01.1: legacy IDE quirk: reg 0x18: [io  0x0170-0x0177]
[    1.096362] pci 0000:00:01.1: legacy IDE quirk: reg 0x1c: [io  0x0376]
[    1.134910] pci 0000:00:07.0: quirk: [io  0x4000-0x403f] claimed by PIIX4 ACPI
[    1.138668] pci 0000:00:07.0: quirk: [io  0x4100-0x410f] claimed by PIIX4 SMB
[    1.162775] ACPI: PCI Interrupt Link [LNKA] (IRQs 5 9 10 *11)
[    1.167291] ACPI: PCI Interrupt Link [LNKB] (IRQs 5 9 *10 11)
[    1.171024] ACPI: PCI Interrupt Link [LNKC] (IRQs 5 *9 10 11)
[    1.175352] ACPI: PCI Interrupt Link [LNKD] (IRQs 5 9 10 *11)
[    1.179472] ACPI: Enabled 2 GPEs in block 00 to 07
[    1.183198] vgaarb: setting as boot device: PCI:0000:00:02.0
[    1.185644] vgaarb: device added: PCI:0000:00:02.0,decodes=io+mem,owns=io+mem,locks=none
[    1.192168] vgaarb: loaded
[    1.195460] vgaarb: bridge control possible 0000:00:02.0
[    1.200014] SCSI subsystem initialized
[    1.202712] ACPI: bus type USB registered
[    1.204813] usbcore: registered new interface driver usbfs
[    1.207875] usbcore: registered new interface driver hub
[    1.210336] usbcore: registered new device driver usb
[    1.213363] PCI: Using ACPI for IRQ routing
[    1.220470] NetLabel: Initializing
[    1.222252] NetLabel:  domain hash size = 128
[    1.224614] NetLabel:  protocols = UNLABELED CIPSOv4
[    1.226810] NetLabel:  unlabeled traffic allowed by default
[    1.229532] amd_nb: Cannot enumerate AMD northbridges
[    1.231839] clocksource: Switched to clocksource kvm-clock
[    1.260850] AppArmor: AppArmor Filesystem Enabled
[    1.263292] pnp: PnP ACPI init
[    1.266879] pnp: PnP ACPI: found 3 devices
[    1.285878] clocksource: acpi_pm: mask: 0xffffff max_cycles: 0xffffff, max_idle_ns: 2085701024 ns
[    1.290349] NET: Registered protocol family 2
[    1.292944] TCP established hash table entries: 8192 (order: 4, 65536 bytes)
[    1.295940] TCP bind hash table entries: 8192 (order: 5, 131072 bytes)
[    1.298934] TCP: Hash tables configured (established 8192 bind 8192)
[    1.301664] UDP hash table entries: 512 (order: 2, 16384 bytes)
[    1.304443] UDP-Lite hash table entries: 512 (order: 2, 16384 bytes)
[    1.307467] NET: Registered protocol family 1
[    1.309547] pci 0000:00:00.0: Limiting direct PCI/PCI transfers
[    1.312722] pci 0000:00:01.0: Activating ISA DMA hang workarounds
[    1.316008] Unpacking initramfs...
[    1.943998] Freeing initrd memory: 14884K
[    1.946194] RAPL PMU detected, API unit is 2^-32 Joules, 4 fixed counters 10737418240 ms ovfl timer
[    1.950726] hw unit of domain pp0-core 2^-0 Joules
[    1.953303] hw unit of domain package 2^-0 Joules
[    1.955734] hw unit of domain dram 2^-0 Joules
[    1.958759] hw unit of domain pp1-gpu 2^-0 Joules
[    1.961250] clocksource: tsc: mask: 0xffffffffffffffff max_cycles: 0x2283c649547, max_idle_ns: 440795304016 ns
[    1.967278] platform rtc_cmos: registered platform RTC device (no PNP device found)
[    1.971194] Scanning for low memory corruption every 60 seconds
[    1.974806] audit: initializing netlink subsys (disabled)
[    1.978096] audit: type=2000 audit(1592934405.620:1): initialized
[    1.982143] Initialise system trusted keyring
[    1.984907] HugeTLB registered 2 MB page size, pre-allocated 0 pages
[    1.991927] zbud: loaded
[    1.994421] VFS: Disk quotas dquot_6.6.0
[    1.996424] VFS: Dquot-cache hash table entries: 512 (order 0, 4096 bytes)
[    2.000644] squashfs: version 4.0 (2009/01/31) Phillip Lougher
[    2.004339] fuse init (API version 7.23)
[    2.007049] Key type big_key registered
[    2.010459] Allocating IMA MOK and blacklist keyrings.
[    2.015550] Key type asymmetric registered
[    2.020016] Asymmetric key parser 'x509' registered
[    2.023033] Block layer SCSI generic (bsg) driver version 0.4 loaded (major 249)
[    2.027962] io scheduler noop registered
[    2.030162] io scheduler deadline registered (default)
[    2.033523] io scheduler cfq registered
[    2.035606] pci_hotplug: PCI Hot Plug PCI Core version: 0.5
[    2.038593] pciehp: PCI Express Hot Plug Controller Driver version: 0.4
[    2.041998] ACPI: AC Adapter [AC] (on-line)
[    2.044271] input: Power Button as /devices/LNXSYSTM:00/LNXPWRBN:00/input/input0
[    2.048339] ACPI: Power Button [PWRF]
[    2.050322] input: Sleep Button as /devices/LNXSYSTM:00/LNXSLPBN:00/input/input1
[    2.054522] ACPI: Sleep Button [SLPF]
[    2.058554] ACPI: Battery Slot [BAT0] (battery present)
[    2.061094] GHES: HEST is not enabled!
[    2.063335] Serial: 8250/16550 driver, 32 ports, IRQ sharing enabled
[    2.087760] 00:02: ttyS0 at I/O 0x3f8 (irq = 4, base_baud = 115200) is a 16550A
[    2.096052] Linux agpgart interface v0.103
[    2.101042] loop: module loaded
[    2.104134] scsi host0: ata_piix
[    2.106175] scsi host1: ata_piix
[    2.108098] ata1: PATA max UDMA/33 cmd 0x1f0 ctl 0x3f6 bmdma 0xd000 irq 14
[    2.110910] ata2: PATA max UDMA/33 cmd 0x170 ctl 0x376 bmdma 0xd008 irq 15
[    2.114119] libphy: Fixed MDIO Bus: probed
[    2.116301] tun: Universal TUN/TAP device driver, 1.6
[    2.118760] tun: (C) 1999-2004 Max Krasnyansky <maxk@qualcomm.com>
[    2.121666] PPP generic driver version 2.4.2
[    2.124017] ehci_hcd: USB 2.0 'Enhanced' Host Controller (EHCI) Driver
[    2.126890] ehci-pci: EHCI PCI platform driver
[    2.128998] ehci-platform: EHCI generic platform driver
[    2.131360] ohci_hcd: USB 1.1 'Open' Host Controller (OHCI) Driver
[    2.134060] ohci-pci: OHCI PCI platform driver
[    2.136189] ohci-platform: OHCI generic platform driver
[    2.139562] uhci_hcd: USB Universal Host Controller Interface driver
[    2.142543] i8042: PNP: PS/2 Controller [PNP0303:PS2K,PNP0f03:PS2M] at 0x60,0x64 irq 1,12
[    2.147269] serio: i8042 KBD port at 0x60,0x64 irq 1
[    2.149627] serio: i8042 AUX port at 0x60,0x64 irq 12
[    2.152059] mousedev: PS/2 mouse device common for all mice
[    2.155635] input: AT Translated Set 2 keyboard as /devices/platform/i8042/serio0/input/input2
[    2.160182] rtc_cmos rtc_cmos: rtc core: registered rtc_cmos as rtc0
[    2.163810] rtc_cmos rtc_cmos: alarms up to one day, 114 bytes nvram
[    2.166553] i2c /dev entries driver
[    2.168483] device-mapper: uevent: version 1.0.3
[    2.170809] device-mapper: ioctl: 4.34.0-ioctl (2015-10-28) initialised: dm-devel@redhat.com
[    2.176400] ledtrig-cpu: registered to indicate activity on CPUs
[    2.181131] NET: Registered protocol family 10
[    2.184268] NET: Registered protocol family 17
[    2.186891] Key type dns_resolver registered
[    2.192361] registered taskstats version 1
[    2.194968] Loading compiled-in X.509 certificates
[    2.198721] Loaded X.509 cert 'Build time autogenerated kernel key: b6ae09eed57f82583ccd3c65c463e852cdd7a0b5'
[    2.204676] zswap: loaded using pool lzo/zbud
[    2.211066] Key type trusted registered
[    2.221137] Key type encrypted registered
[    2.223702] AppArmor: AppArmor sha1 policy hashing enabled
[    2.228413] ima: No TPM chip found, activating TPM-bypass!
[    2.234074] ima: Allocated hash algorithm: sha1
[    2.236201] evm: HMAC attrs: 0x1
[    2.238833]   Magic number: 8:767:795
[    2.241944] rtc_cmos rtc_cmos: setting system clock to 2020-06-23 17:46:39 UTC (1592934399)
[    2.246202] BIOS EDD facility v0.16 2004-Jun-25, 0 devices found
[    2.248744] EDD information not available.
[    2.944542] Freeing unused kernel memory: 1492K
[    2.948486] Write protecting the kernel read-only data: 14336k
[    2.954729] Freeing unused kernel memory: 1596K
[    2.958678] Freeing unused kernel memory: 60K
Loading, please wait...
starting version 229
[    2.996363] random: systemd-udevd: uninitialized urandom read (16 bytes read, 5 bits of entropy available)
[    2.997212] random: udevadm: uninitialized urandom read (16 bytes read, 5 bits of entropy available)
[    2.997263] random: udevadm: uninitialized urandom read (16 bytes read, 5 bits of entropy available)
[    3.015858] random: systemd-udevd: uninitialized urandom read (16 bytes read, 5 bits of entropy available)
[    3.022496] random: systemd-udevd: uninitialized urandom read (16 bytes read, 5 bits of entropy available)
[    3.025745] random: udevadm: uninitialized urandom read (16 bytes read, 5 bits of entropy available)
[    3.025858] random: udevadm: uninitialized urandom read (16 bytes read, 5 bits of entropy available)
[    3.026278] random: udevadm: uninitialized urandom read (16 bytes read, 5 bits of entropy available)
[    3.026408] random: udevadm: uninitialized urandom read (16 bytes read, 5 bits of entropy available)
[    3.026550] random: udevadm: uninitialized urandom read (16 bytes read, 5 bits of entropy available)
[    3.153221] Fusion MPT base driver 3.04.20
[    3.156128] Copyright (c) 1999-2008 LSI Corporation
[    3.167158] e1000: Intel(R) PRO/1000 Network Driver - version 7.3.21-k8-NAPI
[    3.170997] e1000: Copyright (c) 1999-2006 Intel Corporation.
[    3.198541] AVX2 version of gcm_enc/dec engaged.
[    3.202176] AES CTR mode by8 optimization enabled
[    3.239375] Fusion MPT SPI Host driver 3.04.20
[    3.387347] input: ImExPS/2 Generic Explorer Mouse as /devices/platform/i8042/serio1/input/input4
[    3.706527] e1000 0000:00:03.0 eth0: (PCI:33MHz:32-bit) 02:89:fa:04:16:8f
[    3.710337] e1000 0000:00:03.0 eth0: Intel(R) PRO/1000 Network Connection
[    4.191521] e1000 0000:00:08.0 eth1: (PCI:33MHz:32-bit) 08:00:27:11:e0:2b
[    4.194498] e1000 0000:00:08.0 eth1: Intel(R) PRO/1000 Network Connection
[    4.199451] e1000 0000:00:03.0 enp0s3: renamed from eth0
[    4.204947] mptbase: ioc0: Initiating bringup
[    4.220591] e1000 0000:00:08.0 enp0s8: renamed from eth1
[    4.430185] ioc0: LSI53C1030 A0: Capabilities={Initiator}
[    4.619587] scsi host2: ioc0: LSI53C1030 A0, FwRev=00000000h, Ports=1, MaxQ=256, IRQ=20
[    4.746179] scsi 2:0:0:0: Direct-Access     VBOX     HARDDISK         1.0  PQ: 0 ANSI: 5
[    4.835243] scsi target2:0:0: Beginning Domain Validation
[    4.846719] scsi target2:0:0: Domain Validation skipping write tests
[    4.853043] scsi target2:0:0: Ending Domain Validation
[    4.860452] scsi target2:0:0: asynchronous
[    4.866749] scsi 2:0:1:0: Direct-Access     VBOX     HARDDISK         1.0  PQ: 0 ANSI: 5
[    4.874528] scsi target2:0:1: Beginning Domain Validation
[    4.879969] scsi target2:0:1: Domain Validation skipping write tests
[    4.883745] scsi target2:0:1: Ending Domain Validation
[    4.887349] scsi target2:0:1: asynchronous
[    4.904485] sd 2:0:0:0: [sda] 20971520 512-byte logical blocks: (10.7 GB/10.0 GiB)
[    4.910762] sd 2:0:0:0: [sda] Write Protect is off
[    4.914336] sd 2:0:0:0: Attached scsi generic sg0 type 0
[    4.918145] sd 2:0:0:0: [sda] Incomplete mode parameter data
[    4.921537] sd 2:0:0:0: [sda] Assuming drive cache: write through
[    4.925537] sd 2:0:1:0: Attached scsi generic sg1 type 0
[    4.926696] sd 2:0:1:0: [sdb] 20480 512-byte logical blocks: (10.5 MB/10.0 MiB)
[    4.927111] sd 2:0:1:0: [sdb] Write Protect is off
[    4.927364] sd 2:0:1:0: [sdb] Incomplete mode parameter data
[    4.927369] sd 2:0:1:0: [sdb] Assuming drive cache: write through
[    4.960315]  sda: sda1
[    4.963790] sd 2:0:1:0: [sdb] Attached SCSI disk
[    4.967575] sd 2:0:0:0: [sda] Attached SCSI disk
Begin: Loading essential drivers ... [    7.272196] md: linear personality registered for level -1
[    7.279820] md: multipath personality registered for level -4
[    7.286596] md: raid0 personality registered for level 0
[    7.297080] md: raid1 personality registered for level 1
[    7.372009] raid6: sse2x1   gen()  2249 MB/s
[    7.440075] raid6: sse2x1   xor()  1410 MB/s
[    7.511912] raid6: sse2x2   gen()  3696 MB/s
[    7.580120] raid6: sse2x2   xor()  2392 MB/s
[    7.647909] raid6: sse2x4   gen()  6259 MB/s
[    7.715934] raid6: sse2x4   xor()  3148 MB/s
[    7.783938] raid6: avx2x1   gen()  4294 MB/s
[    7.857300] raid6: avx2x2   gen()  8227 MB/s
[    7.924167] raid6: avx2x4   gen() 11621 MB/s
[    7.928788] raid6: using algorithm avx2x4 gen() 11621 MB/s
[    7.931171] raid6: using avx2x2 recovery algorithm
[    7.937193] xor: automatically using best checksumming function:
[    7.980308]    avx       : 13856.000 MB/sec
[    7.985668] async_tx: api initialized (async)
[    8.013037] md: raid6 personality registered for level 6
[    8.015760] md: raid5 personality registered for level 5
[    8.018536] md: raid4 personality registered for level 4
[    8.034268] md: raid10 personality registered for level 10
done.
Begin: Running /scripts/init-premount ... done.
Begin: Mounting root file system ... Begin: Running /scripts/local-top ... done.
Begin: Running /scripts/local-premount ... [    8.112326] Btrfs loaded
Scanning for Btrfs filesystems
done.
Warning: fsck not present, so skipping root file system
[    8.267368] EXT4-fs (sda1): mounted filesystem with ordered data mode. Opts: (null)
done.
Begin: Running /scripts/local-bottom ... done.
Begin: Running /scripts/init-bottom ... done.
[    8.900080] random: nonblocking pool is initialized
[    9.297829] systemd[1]: systemd 229 running in system mode. (+PAM +AUDIT +SELINUX +IMA +APPARMOR +SMACK +SYSVINIT +UTMP +LIBCRYPTSETUP +GCRYPT +GNUTLS +ACL +XZ -LZ4 +SECCOMP +BLKID +ELFUTILS +KMOD -IDN)
[    9.312538] systemd[1]: Detected virtualization oracle.
[    9.315200] systemd[1]: Detected architecture x86-64.

Welcome to [1mUbuntu 16.04.6 LTS[0m!

[    9.364634] systemd[1]: Set hostname to <ubuntu>.
[    9.442614] systemd[1]: Initializing machine ID from random generator.
[    9.454606] systemd[1]: Installed transient /etc/machine-id file.
[   10.986011] systemd[1]: Listening on LVM2 metadata daemon socket.
[[0;32m  OK  [0m] Listening on LVM2 metadata daemon socket.
[   10.992617] systemd[1]: Listening on Device-mapper event daemon FIFOs.
[[0;32m  OK  [0m] Listening on Device-mapper event daemon FIFOs.
[   10.998618] systemd[1]: Set up automount Arbitrary Executable File Formats File System Automount Point.
[[0;32m  OK  [0m] Set up automount Arbitrary Executab...ats File System Automount Point.
[   11.006995] systemd[1]: Reached target User and Group Name Lookups.
[[0;32m  OK  [0m] Reached target User and Group Name Lookups.
[   11.012576] systemd[1]: Listening on /dev/initctl Compatibility Named Pipe.
[[0;32m  OK  [0m] Listening on /dev/initctl Compatibility Named Pipe.
[   11.018070] systemd[1]: Reached target Swap.
[[0;32m  OK  [0m] Reached target Swap.
[   11.021889] systemd[1]: Listening on Journal Socket.
[[0;32m  OK  [0m] Listening on Journal Socket.
[   11.026799] systemd[1]: Created slice System Slice.
[[0;32m  OK  [0m] Created slice System Slice.
[   11.040247] systemd[1]: Mounting Debug File System...
         Mounting Debug File System...
[   11.046186] systemd[1]: Starting Uncomplicated firewall...
         Starting Uncomplicated firewall...
[   11.051876] systemd[1]: Starting Remount Root and Kernel File Systems...
         Starting Remount Root and Kernel File Systems...
[   11.058915] systemd[1]: Mounting Huge Pages File System...
         Mounting Huge Pages File System...
[   11.065066] systemd[1]: Starting Create list of required static device nodes for the current kernel...
         Starting Create list of required st... nodes for the current kernel...
[   11.091712] EXT4-fs (sda1): re-mounted. Opts: (null)
[   11.124550] systemd[1]: Starting Set console keymap...
         Starting Set console keymap...
[   11.142521] systemd[1]: Starting Load Kernel Modules...
         Starting Load Kernel Modules...
[   11.147039] systemd[1]: Listening on LVM2 poll daemon socket.
[[0;32m  OK  [0m] Listening on LVM2 poll daemon socket.
[   11.151337] systemd[1]: Listening on Journal Audit Socket.
[[0;32m  OK  [0m] Listening on Journal Audit Socket.
[   11.156610] systemd[1]: Listening on udev Kernel Socket.
[[0;32m  OK  [0m] Listening on udev Kernel Socket.
[   11.176602] systemd[1]: Starting Nameserver information manager...
         Starting Nameserver information manager...
[   11.182497] systemd[1]: Listening on Journal Socket (/dev/log).
[[0;32m  OK  [0m] Listening on Journal Socket (/dev/log).
[   11.188800] systemd[1]: Created slice User and Session Slice.
[[0;32m  OK  [0m] Created slice User and Session Slice.
[   11.193551] systemd[1]: Reached target Slices.
[[0;32m  OK  [0m] Reached target Slices.
[   11.197651] systemd[1]: Reached target System Time Synchronized.
[[0;32m  OK  [0m] Reached target System Time Synchronized.
[   11.202504] systemd[1]: Started Forward Password Requests to Wall Directory Watch.
[[0;32m  OK  [0m] Started Forward Password Requests to Wall Directory Watch.
[   11.209614] systemd[1]: Started Trigger resolvconf update for networkd DNS.
[[0;32m  OK  [0m] Started Trigger resolvconf update for networkd DNS.
[   11.229026] systemd[1]: Starting Monitoring of LVM2 mirrors, snapshots etc. using dmeventd or progress polling...
         Starting Monitoring of LVM2 mirrors... dmeventd or progress polling...
[   11.237200] systemd[1]: Created slice system-serial\x2dgetty.slice.
[[0;32m  OK  [0m] Created slice system-serial\x2dgetty.slice.
[   11.242415] systemd[1]: Listening on Syslog Socket.
[[0;32m  OK  [0m] Listening on Syslog Socket.
[   11.260291] systemd[1]: Starting Journal Service...
         Starting Journal Service...
[   11.267089] systemd[1]: Mounting POSIX Message Queue File System...
         Mounting POSIX Message Queue File System...
[   11.273242] systemd[1]: Reached target Encrypted Volumes.
[[0;32m  OK  [0m] Reached target Encrypted Volumes.
[   11.280478] systemd[1]: Listening on udev Control Socket.
[[0;32m  OK  [0m] Listening on udev Control Socket.
[   11.326049] systemd[1]: Mounted Huge Pages File System.
[[0;32m  OK  [0m] Mounted Huge Pages File System.
[   11.334630] systemd[1]: Mounted POSIX Message Queue File System.
[[0;32m  OK  [0m] Mounted POSIX Message Queue File System.
[   11.343016] systemd[1]: Mounted Debug File System.
[[0;32m  OK  [0m] Mounted Debug File System.
[   11.359993] Loading iSCSI transport class v2.0-870.
[   11.370015] systemd[1]: Started Uncomplicated firewall.
[[0;32m  OK  [0m] Started Uncomplicated firewall.
[   11.381704] systemd[1]: Started Remount Root and Kernel File Systems.
[[0;32m  OK  [0m] Started Remount Root and Kernel File Systems.
[   11.396551] systemd[1]: Started Create list of required static device nodes for the current kernel.
[[0;32m  OK  [0m] Started Create list of required sta...ce nodes for the current kernel.
[   11.433657] systemd[1]: Starting Create Static Device Nodes in /dev...
         Starting Create Static Device Nodes in /dev...
[   11.533059] systemd[1]: Starting udev Coldplug all Devices...
         Starting udev Coldplug all Devices...
[   11.541640] systemd[1]: Starting Load/Save Random Seed...
         Starting Load/Save Random Seed...
[   11.550490] systemd[1]: Started Set console keymap.
[[0;32m  OK  [0m] Started Set console keymap.
[   11.564358] systemd[1]: Started Nameserver information manager.
[[0;32m  OK  [0m] Started Nameserver information manager.
[   11.655156] iscsi: registered transport (tcp)
[   11.711857] systemd[1]: Started Load/Save Random Seed.
[[0;32m  OK  [0m] Started Load/Save Random Seed.
[   11.750152] systemd[1]: Started udev Coldplug all Devices.
[[0;32m  OK  [0m] Started udev Coldplug all Devices.
[   11.976276] systemd[1]: Started LVM2 metadata daemon.
[[0;32m  OK  [0m] Started LVM2 metadata daemon.
[   11.991019] systemd[1]: Started Journal Service.
[[0;32m  OK  [0m] Started Journal Service.
         Starting Flush Journal to Persistent Storage...
[   12.140334] systemd-journald[397]: Received request to flush runtime journal from PID 1
[   12.158288] iscsi: registered transport (iser)
[[0;32m  OK  [0m] Started Load Kernel Modules.
         Mounting FUSE Control File System...
         Starting Apply Kernel Variables...
[[0;32m  OK  [0m] Started Flush Journal to Persistent Storage.
[[0;32m  OK  [0m] Mounted FUSE Control File System.
[[0;32m  OK  [0m] Started Apply Kernel Variables.
[[0;32m  OK  [0m] Started Monitoring of LVM2 mirrors,...ng dmeventd or progress polling.
[[0;32m  OK  [0m] Started Create Static Device Nodes in /dev.
         Starting udev Kernel Device Manager...
[[0;32m  OK  [0m] Reached target Local File Systems (Pre).
[[0;32m  OK  [0m] Reached target Local File Systems.
         Starting Create Volatile Files and Directories...
         Starting Set console font and keymap...
         Starting Initial cloud-init job (pre-networking)...
         Starting Tell Plymouth To Write Out Runtime Data...
         Starting Commit a transient machine-id on disk...
         Starting LSB: AppArmor initialization...
[[0;32m  OK  [0m] Started Commit a transient machine-id on disk.
[[0;32m  OK  [0m] Started Create Volatile Files and Directories.
         Starting Update UTMP about System Boot/Shutdown...
[[0;32m  OK  [0m] Started Tell Plymouth To Write Out Runtime Data.
[[0;32m  OK  [0m] Started Update UTMP about System Boot/Shutdown.
[[0;32m  OK  [0m] Started udev Kernel Device Manager.
[[0;32m  OK  [0m] Started Dispatch Password Requests to Console Directory Watch.
[[0;32m  OK  [0m] Started Set console font and keymap.
[[0;32m  OK  [0m] Created slice system-getty.slice.
[[0;32m  OK  [0m] Found device /dev/ttyS0.
[[0;32m  OK  [0m] Listening on Load/Save RF Kill Switch Status /dev/rfkill Watch.
[[0;32m  OK  [0m] Started LSB: AppArmor initialization.
[   21.648574] cloud-init[465]: Cloud-init v. 19.4-33-gbb4131a2-0ubuntu1~16.04.1 running 'init-local' at Tue, 23 Jun 2020 17:46:58 +0000. Up 20.25 seconds.
[[0;32m  OK  [0m] Started Initial cloud-init job (pre-networking).
[[0;32m  OK  [0m] Reached target Network (Pre).
         Starting Raise network interfaces...
[[0;32m  OK  [0m] Started Raise network interfaces.
[[0;32m  OK  [0m] Reached target Network.
         Starting Initial cloud-init job (metadata service crawler)...
[   25.752438] cloud-init[965]: Cloud-init v. 19.4-33-gbb4131a2-0ubuntu1~16.04.1 running 'init' at Tue, 23 Jun 2020 17:47:00 +0000. Up 23.01 seconds.
[   25.757254] cloud-init[965]: ci-info: ++++++++++++++++++++++++++++++++++++++Net device info+++++++++++++++++++++++++++++++++++++++
[   25.761940] cloud-init[965]: ci-info: +--------+-------+----------------------------+---------------+--------+-------------------+
[   25.766508] cloud-init[965]: ci-info: | Device |   Up  |          Address           |      Mask     | Scope  |     Hw-Address    |
[   25.771015] cloud-init[965]: ci-info: +--------+-------+----------------------------+---------------+--------+-------------------+
[   25.781012] cloud-init[965]: ci-info: | enp0s3 |  True |         10.0.2.15          | 255.255.255.0 | global | 02:89:fa:04:16:8f |
[   25.785191] cloud-init[965]: ci-info: | enp0s3 |  True | fe80::89:faff:fe04:168f/64 |       .       |  link  | 02:89:fa:04:16:8f |
[   25.789703] cloud-init[965]: ci-info: | enp0s8 | False |             .              |       .       |   .    | 08:00:27:11:e0:2b |
[   25.793885] cloud-init[965]: ci-info: |   lo   |  True |         127.0.0.1          |   255.0.0.0   |  host  |         .         |
[   25.798519] cloud-init[965]: ci-info: |   lo   |  True |          ::1/128           |       .       |  host  |         .         |
[   25.803173] cloud-init[965]: ci-info: +--------+-------+----------------------------+---------------+--------+-------------------+
[   25.807530] cloud-init[965]: ci-info: +++++++++++++++++++++++++++Route IPv4 info++++++++++++++++++++++++++++
[   25.811185] cloud-init[965]: ci-info: +-------+-------------+----------+---------------+-----------+-------+
[   25.814530] cloud-init[965]: ci-info: | Route | Destination | Gateway  |    Genmask    | Interface | Flags |
[   25.818116] cloud-init[965]: ci-info: +-------+-------------+----------+---------------+-----------+-------+
[   25.821738] cloud-init[965]: ci-info: |   0   |   0.0.0.0   | 10.0.2.2 |    0.0.0.0    |   enp0s3  |   UG  |
[   25.825584] cloud-init[965]: ci-info: |   1   |   10.0.2.0  | 0.0.0.0  | 255.255.255.0 |   enp0s3  |   U   |
[   25.828764] cloud-init[965]: ci-info: +-------+-------------+----------+---------------+-----------+-------+
[   25.832318] cloud-init[965]: ci-info: +++++++++++++++++++Route IPv6 info+++++++++++++++++++
[   25.835175] cloud-init[965]: ci-info: +-------+-------------+---------+-----------+-------+
[   25.838308] cloud-init[965]: ci-info: | Route | Destination | Gateway | Interface | Flags |
[   25.841781] cloud-init[965]: ci-info: +-------+-------------+---------+-----------+-------+
[   25.846975] cloud-init[965]: ci-info: |   0   |  fe80::/64  |    ::   |   enp0s3  |   U   |
[   25.850412] cloud-init[965]: ci-info: |   4   |   ff00::/8  |    ::   |   enp0s3  |   U   |
[   25.853302] cloud-init[965]: ci-info: +-------+-------------+---------+-----------+-------+
[   25.856963] cloud-init[965]: Generating public/private rsa key pair.
[   25.859890] cloud-init[965]: Your identification has been saved in /etc/ssh/ssh_host_rsa_key.
[   25.863051] cloud-init[965]: Your public key has been saved in /etc/ssh/ssh_host_rsa_key.pub.
[   25.866607] cloud-init[965]: The key fingerprint is:
[   25.869363] cloud-init[965]: SHA256:VSFByZh7ld25rTiyAxQ5W1Eg6r3j3hpU3aF6biph2W4 root@ubuntu-xenial
[   25.873015] cloud-init[965]: The key's randomart image is:
[   25.875386] cloud-init[965]: +---[RSA 2048]----+
[   25.878123] cloud-init[965]: |        .***++...|
[   25.881631] cloud-init[965]: |       .*.++oo.o.|
[   25.886182] cloud-init[965]: |      .  *o.o . o|
[   25.889794] cloud-init[965]: |     . .+o..   ..|
[   25.895461] cloud-init[965]: |      ..S+. .. . |
[   25.898518] cloud-init[965]: |       .=.ooo .  |
[   25.902975] cloud-init[965]: |       .++ oo.   |
[   25.905846] cloud-init[965]: |       ..+Eo     |
[   25.913711] cloud-init[965]: |       .++o.     |
[   25.916040] cloud-init[965]: +----[SHA256]-----+
[   25.918561] cloud-init[965]: Generating public/private dsa key pair.
[   25.921451] cloud-init[965]: Your identification has been saved in /etc/ssh/ssh_host_dsa_key.
[   25.926853] cloud-init[965]: Your public key has been saved in /etc/ssh/ssh_host_dsa_key.pub.
[   25.930093] cloud-init[965]: The key fingerprint is:
[   25.933312] cloud-init[965]: SHA256:mWXnNAeFUXtNCOq/SCaQjZprTiZ51SnzMtDz3qBae84 root@ubuntu-xenial
[   25.936718] cloud-init[965]: The key's randomart image is:
[   25.939466] cloud-init[965]: +---[DSA 1024]----+
[   25.941976] cloud-init[965]: |            +*o..|
[   25.944555] cloud-init[965]: |           ....o.|
[   25.947008] cloud-init[965]: |          + + o o|
[   25.949403] cloud-init[965]: |     . = B + o . |
[   25.951698] cloud-init[965]: |    . X S . .    |
[   25.954104] cloud-init[965]: |   . = B   .     |
[   25.957406] cloud-init[965]: |  o * + = o .    |
[   25.959909] cloud-init[965]: |   =.o B.* . .   |
[   25.962496] cloud-init[965]: |   o+.ooE o .    |
[   25.965669] cloud-init[965]: +----[SHA256]-----+
[   25.969233] cloud-init[965]: Generating public/private ecdsa key pair.
[   25.971892] cloud-init[965]: Your identification has been saved in /etc/ssh/ssh_host_ecdsa_key.
[   25.981353] cloud-init[965]: Your public key has been saved in /etc/ssh/ssh_host_ecdsa_key.pub.
[   25.985861] cloud-init[965]: The key fingerprint is:
[   25.992949] cloud-init[965]: SHA256:YGxCaSIZHj6SSDJP+aQvTUG9pFqN4Xr+rgz75Q7nGdI root@ubuntu-xenial
[   25.999279] cloud-init[965]: The key's randomart image is:
[   26.002537] cloud-init[965]: +---[ECDSA 256]---+
[   26.004951] cloud-init[965]: |+=.ooo           |
[[0;32m  OK  [0m] Started Initial cloud-init job (metadata service crawler).
[[0;32m  OK  [0m] Reached target Network is Online.
[   26.009254] cloud-init[965]: |O=+.*.o          |
[   26.022075] cloud-init[965]: |+=.B.B=.         |
[   26.025026] cloud-init[965]: |. o B+o.         |
         Starting iSCSI initiator daemon (iscsid)...
[[0;32m  OK  [0m] Reached target System Initialization.
[[0;32m  OK  [0m] Listening on UUID daemon activation socket.
[   26.038499] cloud-init[965]: |   B    S        |
[   26.044979] cloud-init[965]: |  + +.           |
[   26.045116] cloud-init[965]: |  .+o E          |
[   26.045242] cloud-init[965]: |   +.B o         |
[[0;32m  OK  [0m] Started Daily Cleanup of Temporary Directories.
         Starting Socket activation for snappy daemon.
[[0;32m  OK  [0m] Listening on D-Bus System Message Bus Socket.
[   26.045367] cloud-init[965]: |  ..+=B          |
[   26.059103] cloud-init[965]: +----[SHA256]-----+
[   26.061676] cloud-init[965]: Generating public/private ed25519 key pair.
[[0;32m  OK  [0m] Started ACPI Events Check.
[[0;32m  OK  [0m] Reached target Paths.
[   26.071988] cloud-init[965]: Your identification has been saved in /etc/ssh/ssh_host_ed25519_key.
[   26.081450] cloud-init[965]: Your public key has been saved in /etc/ssh/ssh_host_ed25519_key.pub.
[[0;32m  OK  [0m] Started Message of the Day.
[[0;32m  OK  [0m] Started Daily apt download activities.
[   26.092300] cloud-init[965]: The key fingerprint is:
[   26.101303] cloud-init[965]: SHA256:4rNxcf4Q/ySFiO14gx9iyTXmeG7LGtYjHt+RkHCHTHQ root@ubuntu-xenial
[[0;32m  OK  [0m] Started Daily apt upgrade and clean activities.
[   26.109763] cloud-init[965]: The key's randomart image is:
[   26.112367] cloud-init[965]: +--[ED25519 256]--+
[   26.114746] cloud-init[965]: |         .o E    |
[   26.115304] cloud-init[965]: |         o o     |
[   26.117023] cloud-init[965]: |        . + .    |
[   26.117497] cloud-init[965]: |         = + .   |
[   26.118983] cloud-init[965]: |      . S @ . .  |
[   26.119750] cloud-init[965]: |     . o # = o   |
[   26.121520] cloud-init[965]: |      + # % = .  |
[   26.121759] cloud-init[965]: |       O %.B =   |
[   26.123186] cloud-init[965]: |      . oo*.o .  |
[   26.123313] cloud-init[965]: +----[SHA256]-----+
[[0;32m  OK  [0m] Reached target Timers.
[[0;32m  OK  [0m] Listening on ACPID Listen Socket.
         Starting LXD - unix socket.
[[0;32m  OK  [0m] Reached target Cloud-config availability.
[[0;32m  OK  [0m] Listening on Socket activation for snappy daemon.
[[0;32m  OK  [0m] Listening on LXD - unix socket.
[[0;32m  OK  [0m] Reached target Sockets.
[[0;32m  OK  [0m] Reached target Basic System.
[[0;32m  OK  [0m] Started Deferred execution scheduler.
         Starting LSB: Record successful boot for GRUB...
         Starting Virtualbox guest utils...
         Starting System Logging Service...
         Starting Login Service...
         Starting Pollinate to seed the pseudo random number generator...
         Starting LXD - container startup/shutdown...
[[0;32m  OK  [0m] Started D-Bus System Message Bus.
         Starting Accounts Service...
[[0;32m  OK  [0m] Started Regular background program processing daemon.
         Starting LSB: MD monitoring daemon...
         Starting /etc/rc.local Compatibility...
[[0;32m  OK  [0m] Started FUSE filesystem for LXC.
[[0;32m  OK  [0m] Started ACPI event daemon.
         Starting Snappy daemon...
[[0;32m  OK  [0m] Started System Logging Service.
[[0;32m  OK  [0m] Started iSCSI initiator daemon (iscsid).
[[0;32m  OK  [0m] Started /etc/rc.local Compatibility.
         Starting Login to default iSCSI targets...
[[0;32m  OK  [0m] Started Login Service.
[[0;32m  OK  [0m] Started Unattended Upgrades Shutdown.
[[0;32m  OK  [0m] Started LSB: MD monitoring daemon.
[[0;32m  OK  [0m] Started Login to default iSCSI targets.
[[0;32m  OK  [0m] Reached target Remote File Systems (Pre).
[[0;32m  OK  [0m] Reached target Remote File Systems.
         Starting LSB: Set the CPU Frequency Scaling governor to "ondemand"...
         Starting LSB: daemon to balance interrupts for SMP systems...
         Starting Permit User Sessions...
         Starting LSB: automatic crash report generation...
[[0;32m  OK  [0m] Started LSB: Set the CPU Frequency Scaling governor to "ondemand".
[[0;32m  OK  [0m] Started LSB: Record successful boot for GRUB.
[[0;32m  OK  [0m] Started Permit User Sessions.
         Starting Hold until boot process finishes up...
         Starting Terminate Plymouth Boot Screen...
[[0;32m  OK  [0m] Started Hold until boot process finishes up.
[[0;32m  OK  [0m] Started Terminate Plymouth Boot Screen.
[[0;32m  OK  [0m] Started Serial Getty on ttyS0.
         Starting Set console scheme...
[[0;32m  OK  [0m] Started Getty on tty1.
[[0;32m  OK  [0m] Reached target Login Prompts.
[[0;32m  OK  [0m] Started LSB: automatic crash report generation.
[[0;32m  OK  [0m] Started Set console scheme.
[[0;32m  OK  [0m] Started LSB: daemon to balance interrupts for SMP systems.
         Starting Authenticate and Authorize Users to Run Privileged Tasks...
[[0;32m  OK  [0m] Started Virtualbox guest utils.
[[0;32m  OK  [0m] Started Authenticate and Authorize Users to Run Privileged Tasks.
[[0;32m  OK  [0m] Started Accounts Service.
[[0;32m  OK  [0m] Started Pollinate to seed the pseudo random number generator.
         Starting OpenBSD Secure Shell server...
[[0;32m  OK  [0m] Started OpenBSD Secure Shell server.

Ubuntu 16.04.6 LTS ubuntu-xenial ttyS0

ubuntu-xenial login: [   39.597954] cloud-init[1459]: Generating locales (this might take a while)...
[   43.176440] cloud-init[1459]:   en_US.UTF-8... done
[   43.179703] cloud-init[1459]: Generation complete.
[   45.745089] cloud-init[1459]: Cloud-init v. 19.4-33-gbb4131a2-0ubuntu1~16.04.1 running 'modules:config' at Tue, 23 Jun 2020 17:47:16 +0000. Up 39.18 seconds.
ci-info: no authorized SSH keys fingerprints found for user ubuntu.
<14>Jun 23 17:47:24 ec2: 
<14>Jun 23 17:47:24 ec2: #############################################################
<14>Jun 23 17:47:24 ec2: -----BEGIN SSH HOST KEY FINGERPRINTS-----
<14>Jun 23 17:47:24 ec2: 1024 SHA256:mWXnNAeFUXtNCOq/SCaQjZprTiZ51SnzMtDz3qBae84 root@ubuntu-xenial (DSA)
<14>Jun 23 17:47:24 ec2: 256 SHA256:YGxCaSIZHj6SSDJP+aQvTUG9pFqN4Xr+rgz75Q7nGdI root@ubuntu-xenial (ECDSA)
<14>Jun 23 17:47:24 ec2: 256 SHA256:4rNxcf4Q/ySFiO14gx9iyTXmeG7LGtYjHt+RkHCHTHQ root@ubuntu-xenial (ED25519)
<14>Jun 23 17:47:24 ec2: 2048 SHA256:VSFByZh7ld25rTiyAxQ5W1Eg6r3j3hpU3aF6biph2W4 root@ubuntu-xenial (RSA)
<14>Jun 23 17:47:24 ec2: -----END SSH HOST KEY FINGERPRINTS-----
<14>Jun 23 17:47:24 ec2: #############################################################
-----BEGIN SSH HOST KEY KEYS-----
ecdsa-sha2-nistp256 AAAAE2VjZHNhLXNoYTItbmlzdHAyNTYAAAAIbmlzdHAyNTYAAABBBHXDKcdSfc5VPcmuq8mI8Hpw0sd2p+QTdMYz/5Wm5WDC6O1ayDdzvxkaKNi3zmbgaDE1MnklQYmijKBBOjTmKXY= root@ubuntu-xenial
ssh-ed25519 AAAAC3NzaC1lZDI1NTE5AAAAIOi1OZf2yvwRJ/Emn+qzLpgXhenumUwmxPXI3YS3Lkua root@ubuntu-xenial
ssh-rsa AAAAB3NzaC1yc2EAAAADAQABAAABAQDE98eGd7dhy3wI2ixVgmnj4cy8Leygp2AfiTJa+5iciJPdJpgej2TX0zDLekUJrA5Co+bxvcHi7xJUnS5M0Npz06XLh89fp3zFDwwLSXsLxnk1sqh3RgUFjqj2hEhzu+TrslrRdGrTfmOcaqjxzgPZJh9FVT72sgeudkOy4mbgXrGGlVzBu5SIVrE1Rzdj+h0M8C6o5Szoi1p8CPNmrVMynUTTAi0BvwNOK2D/onQlc3RZurARjNFMlVSlqqt0cNJP3lM+x5zgsWhOx0tJ610HW8T+Mk2+28yI5QWE8Nl0yN/rjeCJTFBWGdDfhDmxxBtBaKC7b0TRYalg903SFzv9 root@ubuntu-xenial
-----END SSH HOST KEY KEYS-----
[   47.182185] cloud-init[1816]: Cloud-init v. 19.4-33-gbb4131a2-0ubuntu1~16.04.1 running 'modules:final' at Tue, 23 Jun 2020 17:47:24 +0000. Up 46.69 seconds.
[   47.182635] cloud-init[1816]: ci-info: no authorized SSH keys fingerprints found for user ubuntu.
[   47.185072] cloud-init[1816]: Cloud-init v. 19.4-33-gbb4131a2-0ubuntu1~16.04.1 finished at Tue, 23 Jun 2020 17:47:24 +0000. Datasource DataSourceNoCloud [seed=/dev/sdb][dsmode=net].  Up 47.14 seconds
