[    0.000000] Initializing cgroup subsys cpuset
[    0.000000] Initializing cgroup subsys cpu
[    0.000000] Initializing cgroup subsys cpuacct
[    0.000000] Linux version 4.4.0-184-generic (buildd@lgw01-amd64-060) (gcc version 5.4.0 20160609 (Ubuntu 5.4.0-6ubuntu1~16.04.12) ) #214-Ubuntu SMP Thu Jun 4 10:14:11 UTC 2020 (Ubuntu 4.4.0-184.214-generic 4.4.223)
[    0.000000] Command line: BOOT_IMAGE=/boot/vmlinuz-4.4.0-184-generic root=LABEL=cloudimg-rootfs ro console=tty1 console=ttyS0
[    0.000000] KERNEL supported cpus:
[    0.000000]   Intel GenuineIntel
[    0.000000]   AMD AuthenticAMD
[    0.000000]   Centaur CentaurHauls
[    0.000000] x86/fpu: xstate_offset[2]:  576, xstate_sizes[2]:  256
[    0.000000] x86/fpu: Supporting XSAVE feature 0x01: 'x87 floating point registers'
[    0.000000] x86/fpu: Supporting XSAVE feature 0x02: 'SSE registers'
[    0.000000] x86/fpu: Supporting XSAVE feature 0x04: 'AVX registers'
[    0.000000] x86/fpu: Enabled xstate features 0x7, context size is 832 bytes, using 'standard' format.
[    0.000000] e820: BIOS-provided physical RAM map:
[    0.000000] BIOS-e820: [mem 0x0000000000000000-0x000000000009fbff] usable
[    0.000000] BIOS-e820: [mem 0x000000000009fc00-0x000000000009ffff] reserved
[    0.000000] BIOS-e820: [mem 0x00000000000f0000-0x00000000000fffff] reserved
[    0.000000] BIOS-e820: [mem 0x0000000000100000-0x000000003ffeffff] usable
[    0.000000] BIOS-e820: [mem 0x000000003fff0000-0x000000003fffffff] ACPI data
[    0.000000] BIOS-e820: [mem 0x00000000fec00000-0x00000000fec00fff] reserved
[    0.000000] BIOS-e820: [mem 0x00000000fee00000-0x00000000fee00fff] reserved
[    0.000000] BIOS-e820: [mem 0x00000000fffc0000-0x00000000ffffffff] reserved
[    0.000000] NX (Execute Disable) protection: active
[    0.000000] SMBIOS 2.5 present.
[    0.000000] Hypervisor detected: KVM
[    0.000000] e820: last_pfn = 0x3fff0 max_arch_pfn = 0x400000000
[    0.000000] MTRR: Disabled
[    0.000000] x86/PAT: MTRRs disabled, skipping PAT initialization too.
[    0.000000] CPU MTRRs all blank - virtualized system.
[    0.000000] x86/PAT: Configuration [0-7]: WB  WT  UC- UC  WB  WT  UC- UC  
[    0.000000] found SMP MP-table at [mem 0x0009fff0-0x0009ffff] mapped at [ffff88000009fff0]
[    0.000000] Scanning 1 areas for low memory corruption
[    0.000000] RAMDISK: [mem 0x362de000-0x37166fff]
[    0.000000] ACPI: Early table checksum verification disabled
[    0.000000] ACPI: RSDP 0x00000000000E0000 000024 (v02 VBOX  )
[    0.000000] ACPI: XSDT 0x000000003FFF0030 00003C (v01 VBOX   VBOXXSDT 00000001 ASL  00000061)
[    0.000000] ACPI: FACP 0x000000003FFF00F0 0000F4 (v04 VBOX   VBOXFACP 00000001 ASL  00000061)
[    0.000000] ACPI: DSDT 0x000000003FFF0470 002325 (v02 VBOX   VBOXBIOS 00000002 INTL 20100528)
[    0.000000] ACPI: FACS 0x000000003FFF0200 000040
[    0.000000] ACPI: FACS 0x000000003FFF0200 000040
[    0.000000] ACPI: APIC 0x000000003FFF0240 00005C (v02 VBOX   VBOXAPIC 00000001 ASL  00000061)
[    0.000000] ACPI: SSDT 0x000000003FFF02A0 0001CC (v01 VBOX   VBOXCPUT 00000002 INTL 20100528)
[    0.000000] No NUMA configuration found
[    0.000000] Faking a node at [mem 0x0000000000000000-0x000000003ffeffff]
[    0.000000] NODE_DATA(0) allocated [mem 0x3ffeb000-0x3ffeffff]
[    0.000000] kvm-clock: Using msrs 4b564d01 and 4b564d00
[    0.000000] kvm-clock: cpu 0, msr 0:3ffe3001, primary cpu clock
[    0.000000] kvm-clock: using sched offset of 5410763656 cycles
[    0.000000] clocksource: kvm-clock: mask: 0xffffffffffffffff max_cycles: 0x1cd42e4dffb, max_idle_ns: 881590591483 ns
[    0.000000] Zone ranges:
[    0.000000]   DMA      [mem 0x0000000000001000-0x0000000000ffffff]
[    0.000000]   DMA32    [mem 0x0000000001000000-0x000000003ffeffff]
[    0.000000]   Normal   empty
[    0.000000]   Device   empty
[    0.000000] Movable zone start for each node
[    0.000000] Early memory node ranges
[    0.000000]   node   0: [mem 0x0000000000001000-0x000000000009efff]
[    0.000000]   node   0: [mem 0x0000000000100000-0x000000003ffeffff]
[    0.000000] Initmem setup node 0 [mem 0x0000000000001000-0x000000003ffeffff]
[    0.000000] ACPI: PM-Timer IO Port: 0x4008
[    0.000000] IOAPIC[0]: apic_id 2, version 32, address 0xfec00000, GSI 0-23
[    0.000000] ACPI: INT_SRC_OVR (bus 0 bus_irq 0 global_irq 2 dfl dfl)
[    0.000000] ACPI: INT_SRC_OVR (bus 0 bus_irq 9 global_irq 9 low level)
[    0.000000] Using ACPI (MADT) for SMP configuration information
[    0.000000] smpboot: Allowing 2 CPUs, 0 hotplug CPUs
[    0.000000] PM: Registered nosave memory: [mem 0x00000000-0x00000fff]
[    0.000000] PM: Registered nosave memory: [mem 0x0009f000-0x0009ffff]
[    0.000000] PM: Registered nosave memory: [mem 0x000a0000-0x000effff]
[    0.000000] PM: Registered nosave memory: [mem 0x000f0000-0x000fffff]
[    0.000000] e820: [mem 0x40000000-0xfebfffff] available for PCI devices
[    0.000000] Booting paravirtualized kernel on KVM
[    0.000000] clocksource: refined-jiffies: mask: 0xffffffff max_cycles: 0xffffffff, max_idle_ns: 7645519600211568 ns
[    0.000000] setup_percpu: NR_CPUS:512 nr_cpumask_bits:512 nr_cpu_ids:2 nr_node_ids:1
[    0.000000] PERCPU: Embedded 33 pages/cpu @ffff88003fc00000 s95448 r8192 d31528 u1048576
[    0.000000] Built 1 zonelists in Node order, mobility grouping on.  Total pages: 257912
[    0.000000] Policy zone: DMA32
[    0.000000] Kernel command line: BOOT_IMAGE=/boot/vmlinuz-4.4.0-184-generic root=LABEL=cloudimg-rootfs ro console=tty1 console=ttyS0
[    0.000000] PID hash table entries: 4096 (order: 3, 32768 bytes)
[    0.000000] Memory: 997664K/1048120K available (8632K kernel code, 1336K rwdata, 4036K rodata, 1492K init, 1292K bss, 50456K reserved, 0K cma-reserved)
[    0.000000] SLUB: HWalign=64, Order=0-3, MinObjects=0, CPUs=2, Nodes=1
[    0.000000] Kernel/User page tables isolation: enabled
[    0.000000] Hierarchical RCU implementation.
[    0.000000] 	Build-time adjustment of leaf fanout to 64.
[    0.000000] 	RCU restricting CPUs from NR_CPUS=512 to nr_cpu_ids=2.
[    0.000000] RCU: Adjusting geometry for rcu_fanout_leaf=64, nr_cpu_ids=2
[    0.000000] NR_IRQS:33024 nr_irqs:440 16
[    0.000000] Console: colour VGA+ 80x25
[    0.000000] console [tty1] enabled
[    0.000000] console [ttyS0] enabled
[    0.000000] tsc: Detected 2394.460 MHz processor
[    0.442784] Calibrating delay loop (skipped) preset value.. 4788.92 BogoMIPS (lpj=9577840)
[    0.447825] pid_max: default: 32768 minimum: 301
[    0.451174] ACPI: Core revision 20150930
[    0.460113] ACPI: 2 ACPI AML tables successfully acquired and loaded
[    0.463998] Security Framework initialized
[    0.466828] Yama: becoming mindful.
[    0.469284] AppArmor: AppArmor initialized
[    0.472453] Dentry cache hash table entries: 131072 (order: 8, 1048576 bytes)
[    0.480632] Inode-cache hash table entries: 65536 (order: 7, 524288 bytes)
[    0.484646] Mount-cache hash table entries: 2048 (order: 2, 16384 bytes)
[    0.487777] Mountpoint-cache hash table entries: 2048 (order: 2, 16384 bytes)
[    0.491099] Initializing cgroup subsys io
[    0.493104] Initializing cgroup subsys memory
[    0.495143] Initializing cgroup subsys devices
[    0.497202] Initializing cgroup subsys freezer
[    0.499277] Initializing cgroup subsys net_cls
[    0.501685] Initializing cgroup subsys perf_event
[    0.503901] Initializing cgroup subsys net_prio
[    0.505954] Initializing cgroup subsys hugetlb
[    0.508027] Initializing cgroup subsys pids
[    0.511208] mce: CPU supports 0 MCE banks
[    0.513988] Last level iTLB entries: 4KB 64, 2MB 8, 4MB 8
[    0.516488] Last level dTLB entries: 4KB 64, 2MB 0, 4MB 0, 1GB 4
[    0.519143] Spectre V1 : Mitigation: usercopy/swapgs barriers and __user pointer sanitization
[    0.523132] Spectre V2 : Mitigation: Full generic retpoline
[    0.525549] Spectre V2 : Spectre v2 / SpectreRSB mitigation: Filling RSB on context switch
[    0.529336] Speculative Store Bypass: Vulnerable
[    0.531483] SRBDS: Unknown: Dependent on hypervisor status
[    0.534357] MDS: Vulnerable: Clear CPU buffers attempted, no microcode
[    0.543335] Freeing SMP alternatives memory: 36K
[    0.561966] ftrace: allocating 32319 entries in 127 pages
[    0.700293] smpboot: APIC(0) Converting physical 0 to logical package 0
[    0.704421] smpboot: Max logical packages: 1
[    0.707425] x2apic enabled
[    0.709988] Switched APIC routing to physical x2apic.
[    0.715984] ..TIMER: vector=0x30 apic1=0 pin1=2 apic2=-1 pin2=-1
[    0.826769] smpboot: CPU0: Intel(R) Core(TM) i7-5500U CPU @ 2.40GHz (family: 0x6, model: 0x3d, stepping: 0x4)
[    0.831843] Performance Events: unsupported p6 CPU model 61 no PMU driver, software events only.
[    0.855833] KVM setup paravirtual spinlock
[    0.858946] x86: Booting SMP configuration:
[    0.860945] .... node  #0, CPUs:      #1
[    0.862824] kvm-clock: cpu 1, msr 0:3ffe3041, secondary cpu clock
[    0.866504] mce: CPU supports 0 MCE banks
[    0.869801] x86: Booted up 1 node, 2 CPUs
[    0.872726] smpboot: Total of 2 processors activated (9577.84 BogoMIPS)
[    0.876972] devtmpfs: initialized
[    0.895027] evm: security.selinux
[    0.900089] evm: security.SMACK64
[    0.901862] evm: security.SMACK64EXEC
[    0.903842] evm: security.SMACK64TRANSMUTE
[    0.906175] evm: security.SMACK64MMAP
[    0.908486] evm: security.ima
[    0.910192] evm: security.capability
[    0.912720] clocksource: jiffies: mask: 0xffffffff max_cycles: 0xffffffff, max_idle_ns: 7645041785100000 ns
[    0.917544] futex hash table entries: 512 (order: 3, 32768 bytes)
[    0.920651] pinctrl core: initialized pinctrl subsystem
[    0.923278] RTC time: 15:56:21, date: 06/23/20
[    0.925913] NET: Registered protocol family 16
[ 0.939121] cpuidle: using governor ladder
[    1.128079] cpuidle: using governor menu
[    1.130228] PCCT header not found.
[    1.132596] ACPI: bus type PCI registered
[    1.134778] acpiphp: ACPI Hot Plug PCI Controller Driver version: 0.5
[    1.138192] PCI: Using configuration type 1 for base access
[    1.158064] ACPI: Added _OSI(Module Device)
[    1.160316] ACPI: Added _OSI(Processor Device)
[    1.163369] ACPI: Added _OSI(3.0 _SCP Extensions)
[    1.166251] ACPI: Added _OSI(Processor Aggregator Device)
[    1.171299] ACPI: Executed 1 blocks of module-level executable AML code
[    1.182581] ACPI: Interpreter enabled
[    1.184420] ACPI: (supports S0 S5)
[    1.186457] ACPI: Using IOAPIC for interrupt routing
[    1.189535] PCI: Using host bridge windows from ACPI; if necessary, use "pci=nocrs" and report a bug
[    1.205876] ACPI: PCI Root Bridge [PCI0] (domain 0000 [bus 00-ff])
[    1.209215] acpi PNP0A03:00: _OSC: OS supports [ASPM ClockPM Segments MSI]
[    1.213515] acpi PNP0A03:00: _OSC: not requesting OS control; OS requires [ExtendedConfig ASPM ClockPM MSI]
[    1.220044] acpi PNP0A03:00: fail to add MMCONFIG information, can't access extended PCI configuration space under this bridge.
[    1.227717] PCI host bridge to bus 0000:00
[    1.230242] pci_bus 0000:00: root bus resource [io  0x0000-0x0cf7 window]
[    1.234003] pci_bus 0000:00: root bus resource [io  0x0d00-0xffff window]
[    1.237272] pci_bus 0000:00: root bus resource [mem 0x000a0000-0x000bffff window]
[    1.241383] pci_bus 0000:00: root bus resource [mem 0x40000000-0xfdffffff window]
[    1.245279] pci_bus 0000:00: root bus resource [bus 00-ff]
[    1.251772] pci 0000:00:01.1: legacy IDE quirk: reg 0x10: [io  0x01f0-0x01f7]
[    1.255547] pci 0000:00:01.1: legacy IDE quirk: reg 0x14: [io  0x03f6]
[    1.259134] pci 0000:00:01.1: legacy IDE quirk: reg 0x18: [io  0x0170-0x0177]
[    1.301521] pci 0000:00:01.1: legacy IDE quirk: reg 0x1c: [io  0x0376]
[    1.344439] pci 0000:00:07.0: quirk: [io  0x4000-0x403f] claimed by PIIX4 ACPI
[    1.348203] pci 0000:00:07.0: quirk: [io  0x4100-0x410f] claimed by PIIX4 SMB
[    1.384378] ACPI: PCI Interrupt Link [LNKA] (IRQs 5 9 10 *11)
[    1.389151] ACPI: PCI Interrupt Link [LNKB] (IRQs 5 9 *10 11)
[    1.393585] ACPI: PCI Interrupt Link [LNKC] (IRQs 5 *9 10 11)
[    1.397515] ACPI: PCI Interrupt Link [LNKD] (IRQs 5 9 10 *11)
[    1.403042] ACPI: Enabled 2 GPEs in block 00 to 07
[    1.406841] vgaarb: setting as boot device: PCI:0000:00:02.0
[    1.409813] vgaarb: device added: PCI:0000:00:02.0,decodes=io+mem,owns=io+mem,locks=none
[    1.413766] vgaarb: loaded
[    1.415532] vgaarb: bridge control possible 0000:00:02.0
[    1.419304] SCSI subsystem initialized
[    1.421460] ACPI: bus type USB registered
[    1.423727] usbcore: registered new interface driver usbfs
[    1.426309] usbcore: registered new interface driver hub
[    1.428832] usbcore: registered new device driver usb
[    1.431994] PCI: Using ACPI for IRQ routing
[    1.439536] NetLabel: Initializing
[    1.441476] NetLabel:  domain hash size = 128
[    1.443531] NetLabel:  protocols = UNLABELED CIPSOv4
[    1.445986] NetLabel:  unlabeled traffic allowed by default
[    1.449869] amd_nb: Cannot enumerate AMD northbridges
[    1.452623] clocksource: Switched to clocksource kvm-clock
[    1.488356] AppArmor: AppArmor Filesystem Enabled
[    1.491404] pnp: PnP ACPI init
[    1.496827] pnp: PnP ACPI: found 3 devices
[    1.520783] clocksource: acpi_pm: mask: 0xffffff max_cycles: 0xffffff, max_idle_ns: 2085701024 ns
[    1.526650] NET: Registered protocol family 2
[    1.530070] TCP established hash table entries: 8192 (order: 4, 65536 bytes)
[    1.536109] TCP bind hash table entries: 8192 (order: 5, 131072 bytes)
[    1.540347] TCP: Hash tables configured (established 8192 bind 8192)
[    1.544797] UDP hash table entries: 512 (order: 2, 16384 bytes)
[    1.548176] UDP-Lite hash table entries: 512 (order: 2, 16384 bytes)
[    1.552855] NET: Registered protocol family 1
[    1.555650] pci 0000:00:00.0: Limiting direct PCI/PCI transfers
[    1.558857] pci 0000:00:01.0: Activating ISA DMA hang workarounds
[    1.563331] Unpacking initramfs...
[    2.256230] Freeing initrd memory: 14884K
[    2.258718] RAPL PMU detected, API unit is 2^-32 Joules, 4 fixed counters 10737418240 ms ovfl timer
[    2.263305] hw unit of domain pp0-core 2^-0 Joules
[    2.265915] hw unit of domain package 2^-0 Joules
[    2.268251] hw unit of domain dram 2^-0 Joules
[    2.270884] hw unit of domain pp1-gpu 2^-0 Joules
[    2.273313] clocksource: tsc: mask: 0xffffffffffffffff max_cycles: 0x2283c649547, max_idle_ns: 440795304016 ns
[    2.277799] platform rtc_cmos: registered platform RTC device (no PNP device found)
[    2.281630] Scanning for low memory corruption every 60 seconds
[    2.285689] audit: initializing netlink subsys (disabled)
[    2.288433] audit: type=2000 audit(1592927789.264:1): initialized
[    2.291893] Initialise system trusted keyring
[    2.294277] HugeTLB registered 2 MB page size, pre-allocated 0 pages
[    2.300833] zbud: loaded
[    2.305747] VFS: Disk quotas dquot_6.6.0
[    2.307795] VFS: Dquot-cache hash table entries: 512 (order 0, 4096 bytes)
[    2.311175] squashfs: version 4.0 (2009/01/31) Phillip Lougher
[    2.314557] fuse init (API version 7.23)
[    2.317020] Key type big_key registered
[    2.322456] Allocating IMA MOK and blacklist keyrings.
[    2.327213] Key type asymmetric registered
[    2.329757] Asymmetric key parser 'x509' registered
[    2.332462] Block layer SCSI generic (bsg) driver version 0.4 loaded (major 249)
[    2.336968] io scheduler noop registered
[    2.338953] io scheduler deadline registered (default)
[    2.341409] io scheduler cfq registered
[    2.343886] pci_hotplug: PCI Hot Plug PCI Core version: 0.5
[    2.346976] pciehp: PCI Express Hot Plug Controller Driver version: 0.4
[    2.350834] ACPI: AC Adapter [AC] (on-line)
[    2.353785] input: Power Button as /devices/LNXSYSTM:00/LNXPWRBN:00/input/input0
[    2.358921] ACPI: Power Button [PWRF]
[    2.361064] input: Sleep Button as /devices/LNXSYSTM:00/LNXSLPBN:00/input/input1
[    2.366383] ACPI: Sleep Button [SLPF]
[    2.369296] GHES: HEST is not enabled!
[    2.371181] ACPI: Battery Slot [BAT0] (battery present)
[    2.374734] Serial: 8250/16550 driver, 32 ports, IRQ sharing enabled
[    2.399063] 00:02: ttyS0 at I/O 0x3f8 (irq = 4, base_baud = 115200) is a 16550A
[    2.405722] Linux agpgart interface v0.103
[    2.410106] loop: module loaded
[    2.413155] scsi host0: ata_piix
[    2.415129] scsi host1: ata_piix
[    2.416896] ata1: PATA max UDMA/33 cmd 0x1f0 ctl 0x3f6 bmdma 0xd000 irq 14
[    2.419746] ata2: PATA max UDMA/33 cmd 0x170 ctl 0x376 bmdma 0xd008 irq 15
[    2.423653] libphy: Fixed MDIO Bus: probed
[    2.425667] tun: Universal TUN/TAP device driver, 1.6
[    2.427962] tun: (C) 1999-2004 Max Krasnyansky <maxk@qualcomm.com>
[    2.430752] PPP generic driver version 2.4.2
[    2.435305] ehci_hcd: USB 2.0 'Enhanced' Host Controller (EHCI) Driver
[    2.437929] ehci-pci: EHCI PCI platform driver
[    2.440149] ehci-platform: EHCI generic platform driver
[    2.442766] ohci_hcd: USB 1.1 'Open' Host Controller (OHCI) Driver
[    2.445545] ohci-pci: OHCI PCI platform driver
[    2.447842] ohci-platform: OHCI generic platform driver
[    2.451263] uhci_hcd: USB Universal Host Controller Interface driver
[    2.455198] i8042: PNP: PS/2 Controller [PNP0303:PS2K,PNP0f03:PS2M] at 0x60,0x64 irq 1,12
[    2.461205] serio: i8042 KBD port at 0x60,0x64 irq 1
[    2.464178] serio: i8042 AUX port at 0x60,0x64 irq 12
[    2.468296] mousedev: PS/2 mouse device common for all mice
[    2.472937] input: AT Translated Set 2 keyboard as /devices/platform/i8042/serio0/input/input2
[    2.478108] rtc_cmos rtc_cmos: rtc core: registered rtc_cmos as rtc0
[    2.480895] rtc_cmos rtc_cmos: alarms up to one day, 114 bytes nvram
[    2.484255] i2c /dev entries driver
[    2.486380] device-mapper: uevent: version 1.0.3
[    2.489050] device-mapper: ioctl: 4.34.0-ioctl (2015-10-28) initialised: dm-devel@redhat.com
[    2.492979] ledtrig-cpu: registered to indicate activity on CPUs
[    2.496528] NET: Registered protocol family 10
[    2.499088] NET: Registered protocol family 17
[    2.501172] Key type dns_resolver registered
[    2.504058] registered taskstats version 1
[    2.506219] Loading compiled-in X.509 certificates
[    2.509465] Loaded X.509 cert 'Build time autogenerated kernel key: b6ae09eed57f82583ccd3c65c463e852cdd7a0b5'
[    2.514571] zswap: loaded using pool lzo/zbud
[    2.519989] Key type trusted registered
[    2.527872] Key type encrypted registered
[    2.529892] AppArmor: AppArmor sha1 policy hashing enabled
[    2.532336] ima: No TPM chip found, activating TPM-bypass!
[    2.535490] ima: Allocated hash algorithm: sha1
[    2.538546] evm: HMAC attrs: 0x1
[    2.540873]   Magic number: 8:211:943
[    2.542912] tty tty0: hash matches
[    2.544618] tty console: hash matches
[    2.546844] rtc_cmos rtc_cmos: setting system clock to 2020-06-23 15:56:22 UTC (1592927782)
[    2.551769] BIOS EDD facility v0.16 2004-Jun-25, 0 devices found
[    2.554352] EDD information not available.
[    2.610219] Freeing unused kernel memory: 1492K
[    2.613020] Write protecting the kernel read-only data: 14336k
[    2.617677] Freeing unused kernel memory: 1596K
[    2.620753] Freeing unused kernel memory: 60K
Loading, please wait...
starting version 229
[    2.649313] random: systemd-udevd: uninitialized urandom read (16 bytes read, 5 bits of entropy available)
[    2.650065] random: udevadm: uninitialized urandom read (16 bytes read, 5 bits of entropy available)
[    2.650112] random: udevadm: uninitialized urandom read (16 bytes read, 5 bits of entropy available)
[    2.672876] random: systemd-udevd: uninitialized urandom read (16 bytes read, 5 bits of entropy available)
[    2.678547] random: udevadm: uninitialized urandom read (16 bytes read, 5 bits of entropy available)
[    2.678663] random: udevadm: uninitialized urandom read (16 bytes read, 5 bits of entropy available)
[    2.679342] random: udevadm: uninitialized urandom read (16 bytes read, 5 bits of entropy available)
[    2.679488] random: udevadm: uninitialized urandom read (16 bytes read, 5 bits of entropy available)
[    2.679629] random: udevadm: uninitialized urandom read (16 bytes read, 5 bits of entropy available)
[    2.679768] random: udevadm: uninitialized urandom read (16 bytes read, 5 bits of entropy available)
[    2.807584] Fusion MPT base driver 3.04.20
[    2.810874] Copyright (c) 1999-2008 LSI Corporation
[    2.817252] e1000: Intel(R) PRO/1000 Network Driver - version 7.3.21-k8-NAPI
[    2.822127] e1000: Copyright (c) 1999-2006 Intel Corporation.
[    2.850682] Fusion MPT SPI Host driver 3.04.20
[    2.871085] AVX2 version of gcm_enc/dec engaged.
[    2.873830] AES CTR mode by8 optimization enabled
[    3.058660] input: ImExPS/2 Generic Explorer Mouse as /devices/platform/i8042/serio1/input/input4
[    3.316509] e1000 0000:00:03.0 eth0: (PCI:33MHz:32-bit) 02:89:fa:04:16:8f
[    3.320009] e1000 0000:00:03.0 eth0: Intel(R) PRO/1000 Network Connection
[    4.340531] e1000 0000:00:08.0 eth1: (PCI:33MHz:32-bit) 08:00:27:7a:5d:52
[    4.353142] e1000 0000:00:08.0 eth1: Intel(R) PRO/1000 Network Connection
[    4.372174] e1000 0000:00:08.0 enp0s8: renamed from eth1
[    4.376755] mptbase: ioc0: Initiating bringup
[    4.400321] e1000 0000:00:03.0 enp0s3: renamed from eth0
[    4.445681] ioc0: LSI53C1030 A0: Capabilities={Initiator}
[    4.619652] scsi host2: ioc0: LSI53C1030 A0, FwRev=00000000h, Ports=1, MaxQ=256, IRQ=20
[    4.765899] scsi 2:0:0:0: Direct-Access     VBOX     HARDDISK         1.0  PQ: 0 ANSI: 5
[    4.770682] scsi target2:0:0: Beginning Domain Validation
[    4.776081] scsi target2:0:0: Domain Validation skipping write tests
[    4.778785] scsi target2:0:0: Ending Domain Validation
[    4.781682] scsi target2:0:0: asynchronous
[    4.784359] scsi 2:0:1:0: Direct-Access     VBOX     HARDDISK         1.0  PQ: 0 ANSI: 5
[    4.788337] scsi target2:0:1: Beginning Domain Validation
[    4.792657] scsi target2:0:1: Domain Validation skipping write tests
[    4.796246] scsi target2:0:1: Ending Domain Validation
[    4.799666] scsi target2:0:1: asynchronous
[    4.813079] sd 2:0:0:0: [sda] 20971520 512-byte logical blocks: (10.7 GB/10.0 GiB)
[    4.818504] sd 2:0:0:0: Attached scsi generic sg0 type 0
[    4.822393] sd 2:0:1:0: [sdb] 20480 512-byte logical blocks: (10.5 MB/10.0 MiB)
[    4.826830] sd 2:0:0:0: [sda] Write Protect is off
[    4.827219] sd 2:0:1:0: [sdb] Write Protect is off
[    4.827387] sd 2:0:1:0: [sdb] Incomplete mode parameter data
[    4.827390] sd 2:0:1:0: [sdb] Assuming drive cache: write through
[    4.830022] sd 2:0:1:0: Attached scsi generic sg1 type 0
[    4.840972] sd 2:0:0:0: [sda] Incomplete mode parameter data
[    4.843665] sd 2:0:0:0: [sda] Assuming drive cache: write through
[    4.880484]  sda: sda1
[    4.884021] sd 2:0:0:0: [sda] Attached SCSI disk
[    4.887289] sd 2:0:1:0: [sdb] Attached SCSI disk
Begin: Loading essential drivers ... [    7.363408] md: linear personality registered for level -1
[    7.374653] md: multipath personality registered for level -4
[    7.381603] md: raid0 personality registered for level 0
[    7.400007] md: raid1 personality registered for level 1
[    7.476664] raid6: sse2x1   gen()  2067 MB/s
[    7.544883] raid6: sse2x1   xor()  1463 MB/s
[    7.612687] raid6: sse2x2   gen()  3970 MB/s
[    7.680680] raid6: sse2x2   xor()  2526 MB/s
[    7.749012] raid6: sse2x4   gen()  5976 MB/s
[    7.816675] raid6: sse2x4   xor()  3533 MB/s
[    7.884695] raid6: avx2x1   gen()  4964 MB/s
[    7.952822] raid6: avx2x2   gen()  9463 MB/s
[    8.020677] raid6: avx2x4   gen() 12085 MB/s
[    8.022968] raid6: using algorithm avx2x4 gen() 12085 MB/s
[    8.025593] raid6: using avx2x2 recovery algorithm
[    8.030212] xor: automatically using best checksumming function:
[    8.072769]    avx       : 14801.000 MB/sec
[    8.077171] async_tx: api initialized (async)
[    8.102867] md: raid6 personality registered for level 6
[    8.105428] md: raid5 personality registered for level 5
[    8.108776] md: raid4 personality registered for level 4
[    8.123724] md: raid10 personality registered for level 10
done.
Begin: Running /scripts/init-premount ... done.
Begin: Mounting root file system ... Begin: Running /scripts/local-top ... done.
Begin: Running /scripts/local-premount ... [    8.209817] Btrfs loaded
Scanning for Btrfs filesystems
done.
Warning: fsck not present, so skipping root file system
[    8.413491] EXT4-fs (sda1): mounted filesystem with ordered data mode. Opts: (null)
done.
Begin: Running /scripts/local-bottom ... done.
Begin: Running /scripts/init-bottom ... done.
[    8.898337] random: nonblocking pool is initialized
[    9.849087] systemd[1]: systemd 229 running in system mode. (+PAM +AUDIT +SELINUX +IMA +APPARMOR +SMACK +SYSVINIT +UTMP +LIBCRYPTSETUP +GCRYPT +GNUTLS +ACL +XZ -LZ4 +SECCOMP +BLKID +ELFUTILS +KMOD -IDN)
[    9.868308] systemd[1]: Detected virtualization oracle.
[    9.872797] systemd[1]: Detected architecture x86-64.

Welcome to [1mUbuntu 16.04.6 LTS[0m!

[    9.950541] systemd[1]: Set hostname to <ubuntu>.
[   10.057365] systemd[1]: Initializing machine ID from random generator.
[   10.062553] systemd[1]: Installed transient /etc/machine-id file.
[   11.882910] systemd[1]: Listening on udev Kernel Socket.
[[0;32m  OK  [0m] Listening on udev Kernel Socket.
[   11.887861] systemd[1]: Reached target Swap.
[[0;32m  OK  [0m] Reached target Swap.
[   11.891745] systemd[1]: Started Forward Password Requests to Wall Directory Watch.
[[0;32m  OK  [0m] Started Forward Password Requests to Wall Directory Watch.
[   11.898470] systemd[1]: Reached target System Time Synchronized.
[[0;32m  OK  [0m] Reached target System Time Synchronized.
[   11.903366] systemd[1]: Listening on LVM2 poll daemon socket.
[[0;32m  OK  [0m] Listening on LVM2 poll daemon socket.
[   11.908152] systemd[1]: Listening on Syslog Socket.
[[0;32m  OK  [0m] Listening on Syslog Socket.
[   11.912563] systemd[1]: Listening on Journal Socket.
[[0;32m  OK  [0m] Listening on Journal Socket.
[   11.917468] systemd[1]: Created slice System Slice.
[[0;32m  OK  [0m] Created slice System Slice.
[   11.922118] systemd[1]: Created slice system-serial\x2dgetty.slice.
[[0;32m  OK  [0m] Created slice system-serial\x2dgetty.slice.
[   11.937335] systemd[1]: Starting Set console keymap...
         Starting Set console keymap...
[   11.943087] systemd[1]: Mounting Debug File System...
         Mounting Debug File System...
[   11.947427] systemd[1]: Listening on Device-mapper event daemon FIFOs.
[[0;32m  OK  [0m] Listening on Device-mapper event daemon FIFOs.
[   11.953976] systemd[1]: Mounting Huge Pages File System...
         Mounting Huge Pages File System...
[   11.959749] systemd[1]: Starting Uncomplicated firewall...
         Starting Uncomplicated firewall...
[   11.964409] systemd[1]: Listening on Journal Audit Socket.
[[0;32m  OK  [0m] Listening on Journal Audit Socket.
[   11.969259] systemd[1]: Started Trigger resolvconf update for networkd DNS.
[[0;32m  OK  [0m] Started Trigger resolvconf update for networkd DNS.
[   11.988857] systemd[1]: Mounting POSIX Message Queue File System...
         Mounting POSIX Message Queue File System...
[   11.996704] systemd[1]: Starting Remount Root and Kernel File Systems...
         Starting Remount Root and Kernel File Systems...
[   12.104906] EXT4-fs (sda1): re-mounted. Opts: (null)
[   12.109736] systemd[1]: Starting Load Kernel Modules...
         Starting Load Kernel Modules...
[   12.139341] systemd[1]: Starting Create list of required static device nodes for the current kernel...
         Starting Create list of required st... nodes for the current kernel...
[   12.161243] systemd[1]: Listening on LVM2 metadata daemon socket.
[[0;32m  OK  [0m] Listening on LVM2 metadata daemon socket.
[   12.171977] systemd[1]: Starting Monitoring of LVM2 mirrors, snapshots etc. using dmeventd or progress polling...
         Starting Monitoring of LVM2 mirrors... dmeventd or progress polling...
[   12.188819] systemd[1]: Created slice User and Session Slice.
[[0;32m  OK  [0m] Created slice User and Session Slice.
[   12.204945] systemd[1]: Reached target Slices.
[[0;32m  OK  [0m] Reached target Slices.
[   12.208963] systemd[1]: Listening on Journal Socket (/dev/log).
[[0;32m  OK  [0m] Listening on Journal Socket (/dev/log).
[   12.229336] systemd[1]: Starting Journal Service...
         Starting Journal Service...
[   12.237684] systemd[1]: Listening on /dev/initctl Compatibility Named Pipe.
[[0;32m  OK  [0m] Listening on /dev/initctl Compatibility Named Pipe.
[   12.243464] systemd[1]: Set up automount Arbitrary Executable File Formats File System Automount Point.
[[0;32m  OK  [0m] Set up automount Arbitrary Executab...ats File System Automount Point.
[   12.293523] systemd[1]: Listening on udev Control Socket.
[[0;32m  OK  [0m] Listening on udev Control Socket.
[   12.298129] systemd[1]: Reached target User and Group Name Lookups.
[[0;32m  OK  [0m] Reached target User and Group Name Lookups.
[   12.334690] systemd[1]: Starting Nameserver information manager...
         Starting Nameserver information manager...
[   12.343714] systemd[1]: Reached target Encrypted Volumes.
[[0;32m  OK  [0m] Reached target Encrypted Volumes.
[   12.354092] systemd[1]: Mounted Huge Pages File System.
[[0;32m  OK  [0m] Mounted Huge Pages File System.
[   12.359174] systemd[1]: Mounted POSIX Message Queue File System.
[[0;32m  OK  [0m] Mounted POSIX Message Queue File System.
[   12.367814] systemd[1]: Mounted Debug File System.
[[0;32m  OK  [0m] Mounted Debug File System.
[   12.378504] systemd[1]: Started Uncomplicated firewall.
[[0;32m  OK  [0m] Started Uncomplicated firewall.
[   12.387488] systemd[1]: Started Remount Root and Kernel File Systems.
[[0;32m  OK  [0m] Started Remount Root and Kernel File Systems.
[   12.394255] systemd[1]: Started Create list of required static device nodes for the current kernel.
[[0;32m  OK  [0m] Started Create list of required sta...ce nodes for the current kernel.
[   12.421646] systemd[1]: Starting Create Static Device Nodes in /dev...
         Starting Create Static Device Nodes in /dev...
[   12.437950] Loading iSCSI transport class v2.0-870.
[   12.604920] systemd[1]: Starting udev Coldplug all Devices...
         Starting udev Coldplug all Devices...
[   12.610958] systemd[1]: Starting Load/Save Random Seed...
         [   12.614882] iscsi: registered transport (tcp)
Starting Load/Save Random Seed...
[   12.619389] systemd[1]: Started Set console keymap.
[[0;32m  OK  [0m] Started Set console keymap.
[   12.624477] systemd[1]: Started Nameserver information manager.
[[0;32m  OK  [0m] Started Nameserver information manager.
[   12.928598] systemd[1]: Started LVM2 metadata daemon.
[[0;32m  OK  [0m] Started LVM2 metadata daemon.
[   12.967353] systemd[1]: Started udev Coldplug all Devices.
[[0;32m  OK  [0m] Started udev Coldplug all Devices.
[   13.114097] systemd[1]: Started Load/Save Random Seed.
[[0;32m  OK  [0m] Started Load/Save Random Seed.

   13.133624] iscsi: registered transport (iser)
[   13.140068] systemd[1]: Started Load Kernel Modules.
[[0;32m  OK  [0m] Started Load Kernel Modules.
[   13.168905] systemd[1]: Mounting FUSE Control File System...
         Mounting FUSE Control File System...
[   13.186814] systemd[1]: Starting Apply Kernel Variables...
         Starting Apply Kernel Variables...
[   13.198958] systemd[1]: Mounted FUSE Control File System.
[[0;32m  OK  [0m] Mounted FUSE Control File System.
[   13.204015] systemd[1]: Started Journal Service.
[[0;32m  OK  [0m] Started Journal Service.
         Starting Flush Journal to Persistent Storage...
[[0;32m  OK  [0m] Started Monitoring of LVM2 mirrors,...ng dmeventd or progress polling.
[   13.398657] systemd-journald[400]: Received request to flush runtime journal from PID 1
[[0;32m  OK  [0m] Started Flush Journal to Persistent Storage.
[[0;32m  OK  [0m] Started Create Static Device Nodes in /dev.
[[0;32m  OK  [0m] Reached target Local File Systems (Pre).
[[0;32m  OK  [0m] Reached target Local File Systems.
         Starting Tell Plymouth To Write Out Runtime Data...
         Starting Create Volatile Files and Directories...
         Starting LSB: AppArmor initialization...
         Starting Commit a transient machine-id on disk...
         Starting Set console font and keymap...
         Starting Initial cloud-init job (pre-networking)...
         Starting udev Kernel Device Manager...
[[0;32m  OK  [0m] Started Apply Kernel Variables.
[[0;32m  OK  [0m] Started Commit a transient machine-id on disk.
[[0;32m  OK  [0m] Started Tell Plymouth To Write Out Runtime Data.
[[0;32m  OK  [0m] Started Create Volatile Files and Directories.
         Starting Update UTMP about System Boot/Shutdown...
[[0;32m  OK  [0m] Started Update UTMP about System Boot/Shutdown.
[[0;32m  OK  [0m] Started udev Kernel Device Manager.
[[0;32m  OK  [0m] Started Dispatch Password Requests to Console Directory Watch.
[[0;32m  OK  [0m] Found device /dev/ttyS0.
[[0;32m  OK  [0m] Started Set console font and keymap.
[[0;32m  OK  [0m] Created slice system-getty.slice.
[[0;32m  OK  [0m] Listening on Load/Save RF Kill Switch Status /dev/rfkill Watch.
[[0;32m  OK  [0m] Started LSB: AppArmor initialization.
[   23.249390] cloud-init[474]: Cloud-init v. 19.4-33-gbb4131a2-0ubuntu1~16.04.1 running 'init-local' at Tue, 23 Jun 2020 15:56:42 +0000. Up 22.11 seconds.
[[0;32m  OK  [0m] Started Initial cloud-init job (pre-networking).
[[0;32m  OK  [0m] Reached target Network (Pre).
         Starting Raise network interfaces...
[[0;32m  OK  [0m] Started Raise network interfaces.
         Starting Initial cloud-init job (metadata service crawler)...
[[0;32m  OK  [0m] Reached target Network.
[   27.625057] cloud-init[967]: Cloud-init v. 19.4-33-gbb4131a2-0ubuntu1~16.04.1 running 'init' at Tue, 23 Jun 2020 15:56:45 +0000. Up 24.58 seconds.
[   27.631088] cloud-init[967]: ci-info: ++++++++++++++++++++++++++++++++++++++Net device info+++++++++++++++++++++++++++++++++++++++
[   27.636853] cloud-init[967]: ci-info: +--------+-------+----------------------------+---------------+--------+-------------------+
[   27.643229] cloud-init[967]: ci-info: | Device |   Up  |          Address           |      Mask     | Scope  |     Hw-Address    |
[   27.649203] cloud-init[967]: ci-info: +--------+-------+----------------------------+---------------+--------+-------------------+
[   27.660981] cloud-init[967]: ci-info: | enp0s3 |  True |         10.0.2.15          | 255.255.255.0 | global | 02:89:fa:04:16:8f |
[   27.665551] cloud-init[967]: ci-info: | enp0s3 |  True | fe80::89:faff:fe04:168f/64 |       .       |  link  | 02:89:fa:04:16:8f |
[   27.670877] cloud-init[967]: ci-info: | enp0s8 | False |             .              |       .       |   .    | 08:00:27:7a:5d:52 |
[   27.677282] cloud-init[967]: ci-info: |   lo   |  True |         127.0.0.1          |   255.0.0.0   |  host  |         .         |
[   27.683392] cloud-init[967]: ci-info: |   lo   |  True |          ::1/128           |       .       |  host  |         .         |
[   27.688739] cloud-init[967]: ci-info: +--------+-------+----------------------------+---------------+--------+-------------------+
[   27.695217] cloud-init[967]: ci-info: +++++++++++++++++++++++++++Route IPv4 info++++++++++++++++++++++++++++
[   27.699603] cloud-init[967]: ci-info: +-------+-------------+----------+---------------+-----------+-------+
[   27.703550] cloud-init[967]: ci-info: | Route | Destination | Gateway  |    Genmask    | Interface | Flags |
[   27.708504] cloud-init[967]: ci-info: +-------+-------------+----------+---------------+-----------+-------+
[   27.713672] cloud-init[967]: ci-info: |   0   |   0.0.0.0   | 10.0.2.2 |    0.0.0.0    |   enp0s3  |   UG  |
[   27.720861] cloud-init[967]: ci-info: |   1   |   10.0.2.0  | 0.0.0.0  | 255.255.255.0 |   enp0s3  |   U   |
[   27.725200] cloud-init[967]: ci-info: +-------+-------------+----------+---------------+-----------+-------+
[   27.730482] cloud-init[967]: ci-info: +++++++++++++++++++Route IPv6 info+++++++++++++++++++
[[0;32m  OK  [0m] Started Initial cloud-init job (metadata service crawler).
[   27.740319] [[0;32m  OK  [0m] Reached target Network is Online.
cloud-init[967]: ci-info: +-------+-------------+---------+-----------+-------+
[   27.745374] cloud-init[967]: ci-info: | Route | Destination | Gateway | Interface | Flags |
[   27.749246] cloud-init[967]: ci-info: +-------+-------------+---------+-----------+-------+
[   27.752996] cloud-init[967]: ci-info: |   0   |  fe80::/64  |    ::   |   enp0s3  |   U   |
[   27.756719]          Starting iSCSI initiator daemon (iscsid)...
[[0;32m  OK  [0m] Reached target Cloud-config availability.
[cloud-init[967]: ci-info: |   3   |   ff00::/8  |    ::   |   enp0s3  |   U   |[0;32m  OK  [0m] Reached target System Initialization.
[[0;32m  OK  [0m] Listening on UUID daemon activation socket.
[[0;32m  OK  [0m] Started Message of the Day.
[[0;32m  OK  [0m] Started Daily Cleanup of Temporary Directories.

[   27.768331] cloud-init[967]: ci-info: +-------+-------------+---------+-----------+-------+
[   27.771500] cloud-init[967]: Generating public/private rsa key pair.
[   27.774352] cloud-init[967]: Your identification has been saved in /etc/ssh/ssh_host_rsa_key.
[   27.777142] cloud-init[967]: Your public key has been saved in /etc/ssh/ssh_host_rsa_key.pub.
[   27.780184] cloud-init[967]: The key fingerprint is:
[   27.782667] cloud-init[967]: SHA256:5YVqh39dgXEeicAlbBLGe9SXbqyB2HlGV0ezvn9l4dE root@ubuntu-xenial
[   27.785540] cloud-init[967]: The key's randomart image is:
[   27.790199] cloud-init         Starting LXD - unix socket.
[[0;32m  OK  [0m] Started Daily apt download activities.
[[0;32m  OK  [0m] Started Daily apt upgrade and clean activities.
         Starting Socket activation for snappy daemon.
[[0;32m  OK  [0m] Listening on ACPID Listen Socket.
[[0;32m  OK  [0m] Reached target Timers.
[[0;32m  OK  [0m] Listening on D-Bus System Message Bus Socket.
[967]: +---[RSA 2048]----+
[   27.812966] cloud-init[967]: |        .o+o+o.=B|
[   27.813512] cloud-init[967]: |        .o *.+===|
[   27.816158] cloud-init[967]: |          X =.=+.|
[   27.819553] cloud-init[967]: |         B * +.*E|
[   27.820292] cloud-init[967]: |        S + o =.+|
[   27.823340] cloud-init[967]: |       . o   o o+|
[   27.825059] cloud-init[967]: |          . . .o.|
[   27.825997] cloud-init[967]: |           .    o|
[   27.828748] cloud-init[967]: |                o|
[   27.830991] cloud-init[967]: +----[SHA256]-----+
[   27.831569] cloud-init[967]: Generating public/private dsa key pair.
[   27.832706] cloud-init[967]: Your identification has been saved in /etc/ssh/ssh_host_dsa_key.
[   27.838661] cloud-init[967]: Your public key has been saved in /etc/ssh/ssh_host_dsa_key.pub.
[   27.840111] cloud-init[967]: The key fingerprint is:
[   27.840742] cloud-init[967]: SHA256:a2V/I0ppYtPWJnICxo0sIo1I94MKu8BXRjtAl8wA+ic root@ubuntu-xenial
[   27.845306] cloud-init[967]: The key's randomart image is:
[   27.847372] cloud-init[967]: +---[DSA 1024]----+
[   27.849866] cloud-init[967]: | ..o+..          |
[   27.850026] cloud-init[967]: |. . .+           |
[   27.850626] cloud-init[967]: |.. o .           |
[   27.851254] cloud-init[967]: |o+. =o.o         |
[   27.854303] cloud-init[967]: |= E.oB* S o      |
[   27.854957] cloud-init[967]: |oo.+ooo. = +     |
[   27.855126] cloud-init[967]: |oo .    O O = o  |
[   27.857200] cloud-init[967]: |...    o X + o . |
[   27.857338] cloud-init[967]: |.         .      |
[   27.861460] cloud-init[967]: +----[SHA256]-----+
[   27.862609] cloud-init[967]: Generating public/private ecdsa key pair.
[   27.864691] cloud-init[967]: Your identification has been saved in /etc/ssh/ssh_host_ecdsa_key.
[[0;32m  OK  [0m] Started ACPI Events Check.
[[0;32m  OK  [0m] Reached target Paths.
[[   27.872512] cloud-init[967]: Your public key has been saved in /etc/ssh/ssh_host_ecdsa_key.pub.
[   27.872819] cloud-init[967]: The key fingerprint is:
[0;32m  OK  [0m] Listening on LXD - unix socket.
[   27.875198] cloud-init[967]: SHA256:I9zuwO2ErXLTlhvQV+1+e236VKnWazDgRTf61DQXVUQ root@ubuntu-xenial
[   27.888810] [cloud-init[0;32m  OK  [0m[967]: ] The key's randomart image is:Listening on Socket activation for snappy daemon.

[   27.892808] [cloud-init[0;32m  OK  [0m[967]: ] +---[ECDSA 256]---+Reached target Sockets.

[   27.895303] cloud-init[967]: |               +E|
[[0;32m  OK  [0m] Reached target Basic System.
[   27.899266] cloud-init[967]: |             o +o|
[   27.901770] cloud-init[967]: |            o +.=|
[   27.904000] cloud-init[967]: |     . o   o + .o|
[   27.906395] cloud-init[967]: |      + S o o +..|
[   27.908995] cloud-init[967]: |     . B o . +o..|
[   27.911357] cloud-init[967]: |      +.*.   o+.+|
[   27.913883] cloud-init[967]: |    . o*+.  .  +*|
[   27.916354] cloud-init[967]: |     o.o+.    o*o|
[   27.918762] cloud-init[967]: +----[SHA256]-----+
[   27.921230] cloud-init[967]: Generating public/private ed25519 key pair.
[   27.924948] cloud-init[967]: Your identification has been saved in /etc/ssh/ssh_host_ed25519_key.
[   27.928351] cloud-init[967]: Your public key has been saved in /etc/ssh/ssh_host_ed25519_key.pub.
[   27.931045] cloud-init[967]: The key fingerprint is:
[   27.933258] cloud-init[967]: SHA256:TyXDaPoDEv8RrFKu20wv4S/5KTQ9ob83agfJp+0HEGY root@ubuntu-xenial
[   27.945382] cloud-init[967]: The key's randomart image is:
[[0;32m  OK  [0m] Started ACPI event daemon.
         Starting Accounts Service...
[   27.947948] cloud-init[967]: +--[ED25519 256]--+
         Starting Virtualbox guest utils...
[   27.955714] cloud-init[967]: |                 |
[   27.960554] cloud-init[967]: |       .Eo       |
[[0;32m  OK  [0m] Started Deferred execution scheduler.
         Starting Login Service...
[   27.963650] cloud-init[967]: |    . .o=.+ .    |
[   27.970885] cloud-init[967]: |     = +o. +     |
         Starting LXD - container startup/shutdown...
         Starting /etc/rc.local Compatibility...
         Starting LSB: Record successful boot for GRUB...
[   27.976319]          Starting System Logging Service...
cloud-init[967]: |    o *+S+.      |
[   27.995113] cloud-init[967]: |     +=+*+o      |
[[0;32m  OK  [0m] Started FUSE filesystem for LXC.
[   27.998744] cloud-init[967]: |    .o.=+*..     |
[   28.002982] cloud-init[[0;32m  OK  [0m] Started D-Bus System Message Bus.
[967]: |     =*.+o= .    |
[   28.007477] cloud-init[967]: |    . oBB*.o     |
[   28.010913] cloud-init[967]: +----[SHA256]-----+
         Starting Snappy daemon...
         Starting Pollinate to seed the pseudo random number generator...
[[0;32m  OK  [0m] Started Regular background program processing daemon.
         Starting LSB: MD monitoring daemon...
[[0;32m  OK  [0m] Started System Logging Service.
[[0;32m  OK  [0m] Started /etc/rc.local Compatibility.
[[0;32m  OK  [0m] Started Login Service.
[[0;32m  OK  [0m] Started Unattended Upgrades Shutdown.
[[0;32m  OK  [0m] Started iSCSI initiator daemon (iscsid).
         Starting Login to default iSCSI targets...
[[0;32m  OK  [0m] Started LSB: Record successful boot for GRUB.
[[0;32m  OK  [0m] Started LSB: MD monitoring daemon.
[[0;32m  OK  [0m] Started Login to default iSCSI targets.
[[0;32m  OK  [0m] Reached target Remote File Systems (Pre).
[[0;32m  OK  [0m] Reached target Remote File Systems.
         Starting LSB: Set the CPU Frequency Scaling governor to "ondemand"...
         Starting LSB: daemon to balance interrupts for SMP systems...
         Starting Permit User Sessions...
         Starting LSB: automatic crash report generation...
[[0;32m  OK  [0m] Started LSB: Set the CPU Frequency Scaling governor to "ondemand".
         Starting Authenticate and Authorize Users to Run Privileged Tasks...
[[0;32m  OK  [0m] Started Permit User Sessions.
         Starting Terminate Plymouth Boot Screen...
         Starting Hold until boot process finishes up...
[[0;32m  OK  [0m] Started Terminate Plymouth Boot Screen.
[[0;32m  OK  [0m] Started Hold until boot process finishes up.
[[0;32m  OK  [0m] Started Serial Getty on ttyS0.
[[0;32m  OK  [0m] Started Getty on tty1.
[[0;32m  OK  [0m] Reached target Login Prompts.
         Starting Set console scheme...
[[0;32m  OK  [0m] Started LSB: daemon to balance interrupts for SMP systems.
[[0;32m  OK  [0m] Started LSB: automatic crash report generation.
[[0;32m  OK  [0m] Started Set console scheme.
[[0;32m  OK  [0m] Started Virtualbox guest utils.
[[0;32m  OK  [0m] Started Authenticate and Authorize Users to Run Privileged Tasks.
[[0;32m  OK  [0m] Started Accounts Service.
[[0;32m  OK  [0m] Started LXD - container startup/shutdown.
[[0;32m  OK  [0m] Started Pollinate to seed the pseudo random number generator.
         Starting OpenBSD Secure Shell server...
[[0;32m  OK  [0m] Started OpenBSD Secure Shell server.
[[0;32m  OK  [0m] Started Snappy daemon.
         Starting Wait until snapd is fully seeded...
[[0;32m  OK  [0m] Created slice User Slice of vagrant.
         Starting User Manager for UID 1000...
[[0;32m  OK  [0m] Started Session 1 of user vagrant.

Ubuntu 16.04.6 LTS ubuntu-xenial ttyS0

ubuntu-xenial login: [   43.225591] cloud-init[1449]: Generating locales (this might take a while)...
[   47.231161] cloud-init[1449]:   en_US.UTF-8... done
[   47.232840] cloud-init[1449]: Generation complete.
[   49.842758] cloud-init[1449]: Cloud-init v. 19.4-33-gbb4131a2-0ubuntu1~16.04.1 running 'modules:config' at Tue, 23 Jun 2020 15:57:02 +0000. Up 42.24 seconds.
ci-info: no authorized SSH keys fingerprints found for user ubuntu.
<14>Jun 23 15:57:12 ec2: 
<14>Jun 23 15:57:12 ec2: #############################################################
<14>Jun 23 15:57:12 ec2: -----BEGIN SSH HOST KEY FINGERPRINTS-----
<14>Jun 23 15:57:12 ec2: 1024 SHA256:a2V/I0ppYtPWJnICxo0sIo1I94MKu8BXRjtAl8wA+ic root@ubuntu-xenial (DSA)
<14>Jun 23 15:57:12 ec2: 256 SHA256:I9zuwO2ErXLTlhvQV+1+e236VKnWazDgRTf61DQXVUQ root@ubuntu-xenial (ECDSA)
<14>Jun 23 15:57:12 ec2: 256 SHA256:TyXDaPoDEv8RrFKu20wv4S/5KTQ9ob83agfJp+0HEGY root@ubuntu-xenial (ED25519)
<14>Jun 23 15:57:12 ec2: 2048 SHA256:5YVqh39dgXEeicAlbBLGe9SXbqyB2HlGV0ezvn9l4dE root@ubuntu-xenial (RSA)
<14>Jun 23 15:57:12 ec2: -----END SSH HOST KEY FINGERPRINTS-----
<14>Jun 23 15:57:12 ec2: #############################################################
-----BEGIN SSH HOST KEY KEYS-----
ecdsa-sha2-nistp256 AAAAE2VjZHNhLXNoYTItbmlzdHAyNTYAAAAIbmlzdHAyNTYAAABBBGYtaRZ3J5BT2dDkDjsSx9tcLJH9EK71rDUAuwYIld+eNwlJfpkz1H8LMbGgpUJySsbZ6Em+yuCbkxk0cMkZVvI= root@ubuntu-xenial
ssh-ed25519 AAAAC3NzaC1lZDI1NTE5AAAAIKrYiiw+xjx3mBUn9oUJBlbqNXUQaKvBv46e4Gxj5oMx root@ubuntu-xenial
ssh-rsa AAAAB3NzaC1yc2EAAAADAQABAAABAQDaSMSQm6zWrqEzg3oB5cs0WVOLUzN+yC3eHYaFoDKthzLM2VlQm6v4Or/asRyJUkz6fZe8vZL5MUGYwPEXhQSH3d7bbvRfHFzwvTCvn/tnwAAj8usjzoCa9diamciF46sT1EOwzDTsZQJMUdVzc1xiHps1paNO/NGzcclh4IzjqB+gxp73uU2/V2I1Em8lOodD6XW9eDXFaC2TSlT2Ch1MWFAyLeBv5sdcycdNo6D2L14wuwe+b1kqJabAEA3/QaOJ6cWhCbo2Kh/IGezThKUYO/q74Pu5VvfzZfYpWX5NpE1/IfDb645wjTSRcGA7+fMIEGE13I36uqvKmyEk0PLj root@ubuntu-xenial
-----END SSH HOST KEY KEYS-----
[   51.673364] cloud-init[1733]: Cloud-init v. 19.4-33-gbb4131a2-0ubuntu1~16.04.1 running 'modules:final' at Tue, 23 Jun 2020 15:57:11 +0000. Up 51.12 seconds.
[   51.673889] cloud-init[1733]: ci-info: no authorized SSH keys fingerprints found for user ubuntu.
[   51.674798] cloud-init[1733]: Cloud-init v. 19.4-33-gbb4131a2-0ubuntu1~16.04.1 finished at Tue, 23 Jun 2020 15:57:12 +0000. Datasource DataSourceNoCloud [seed=/dev/sdb][dsmode=net].  Up 51.63 seconds
[[0;32m  OK  [0m] Stopped target Graphical Interface.
[[0;32m  OK  [0m] Closed Load/Save RF Kill Switch Status /dev/rfkill Watch.
         Stopping User Manager for UID 1000...
         Stopping ACPI event daemon...
         Stopping Authenticate and Authorize Users to Run Privileged Tasks...
         Stopping Accounts Service...
[[0;32m  OK  [0m] Stopped target Timers.
[[0;32m  OK  [0m] Stopped Daily apt upgrade and clean activities.
[[0;32m  OK  [0m] Stopped Daily Cleanup of Temporary Directories.
[[0;32m  OK  [0m] Stopped Message of the Day.
[[0;32m  OK  [0m] Stopped target Cloud-init target.
[[0;32m  OK  [0m] Stopped Execute cloud user/final scripts.
         Stopping Session 26 of user vagrant.
[[0;32m  OK  [0m] Stopped Daily apt download activities.
[[0;32m  OK  [0m] Stopped target System Time Synchronized.
[[0;32m  OK  [0m] Stopped Apply the settings specified in cloud-config.
[[0;32m  OK  [0m] Stopped target Cloud-config availability.
[[0;32m  OK  [0m] Stopped target Multi-User System.
         Stopping LSB: Set the CPU Frequency Scaling governor to "ondemand"...
         Stopping LSB: Record successful boot for GRUB...
         Stopping Deferred execution scheduler...
         Stopping FUSE filesystem for LXC...
         Stopping OpenBSD Secure Shell server...
[[0;32m  OK  [0m] Stopped Wait until snapd is fully seeded.
         Stopping D-Bus System Message Bus...
         Stopping MongoDB Database Server...
         Stopping System Logging Service...
         Stopping LXD - containe         Stopping LSB: automatic crash report generation...
         Stopping LSB: daemon to balance interrupts for SMP systems...
         Stopping Regular background program processing daemon...
         Stopping Virtualbox guest utils...
         Stopping LSB: MD monitoring daemon...
[[0;32m  OK  [0m] Unmounted /var/lib/lxcfs.
[[0;32m  OK  [0m] Stopped ACPI event daemon.
[[0;32m  OK  [0m] Stopped Accounts Service.
[[0;32m  OK  [0m] Stopped Deferred execution scheduler.
[[0;32m  OK  [0m] Stopped System Logging Service.
[[0;32m  OK  [0m] Stopped Regular background program processing daemon.
[[0;32m  OK  [0m] Stopped Authenticate and Authorize Users to Run Privileged Tasks.
[[0;32m  OK  [0m] Stopped Serial Getty on ttyS0.
[[0;32m  OK  [0m] Stopped Getty on tty1.
[[0;32m  OK  [0m] Stopped OpenBSD Secure Shell server.
[[0;32m  OK  [0m] Stopped MongoDB Database Server.
[[0;32m  OK  [0m] Stopped User Manager for UID 1000.
[[0;32m  OK  [0m] Stopped D-Bus System Message Bus.
[[0;32m  OK  [0m] Stopped Session 26 of user vagrant.
[[0;32m  OK  [0m] Stopped FUSE filesystem for LXC.
[[0;32m  OK  [0m] Stopped LSB: MD monitoring daemon.
[[0;32m  OK  [0m] Stopped LSB: Set the CPU Frequency Scaling governor to "ondemand".
[[0;32m  OK  [0m] Stopped LXD - container startup/shutdown.
[[0;32m  OK  [0m] Stopped LSB: Record successful boot for GRUB.
[[0;32m  OK  [0m] Removed slice User Slice of vagrant.
         Stopping Login Service...
[[0;32m  OK  [0m] Removed slice system-getty.slice.
[[0;32m  OK  [0m] Removed slice system-serial\x2dgetty.slice.
         Stopping Permit User Sessions...
[[0;32m  OK  [0m] Stopped /etc/rc.local Compatibility.
[[0;32m  OK  [0m] Stopped LSB: automatic crash report generation.
[[0;32m  OK  [0m] Stopped LSB: daemon to balance interrupts for SMP systems.
[[0;32m  OK  [0m] Stopped Virtualbox guest utils.
[[0;32m  OK  [0m] Stopped Permit User Sessions.
[[0;32m  OK  [0m] Stopped target Remote File Systems.
[[0;32m  OK  [0m] Stopped target Remote File Systems (Pre).
         Stopping Login to default iSCSI targets...
[[0;32m  OK  [0m] Stopped Login Service.
[[0;32m  OK  [0m] Stopped target Basic System.
[[0;32m  OK  [0m] Stopped target Slices.
[[0;32m  OK  [0m] Stopped target Sockets.
[[0;32m  OK  [0m] Closed UUID daemon activation socket.
[[0;32m  OK  [0m] Closed LXD - unix socket.
[[0;32m  OK  [0m] Closed Socket activation for snappy daemon.
[[0;32m  OK  [0m] Closed Syslog Socket.
[[0;32m  OK  [0m] Closed ACPID Listen Socket.
[[0;32m  OK  [0m] Stopped target Paths.
[[0;32m  OK  [0m] Stopped Dispatch Password Requests to Console Directory Watch.
[[0;32m  OK  [0m] Stopped ACPI Events Check.
[[0;32m  OK  [0m] Stopped Forward Password Requests to Wall Directory Watch.
[[0;32m  OK  [0m] Stopped target User and Group Name Lookups.
[[0;32m  OK  [0m] Closed D-Bus System Message Bus Socket.
[[0;32m  OK  [0m] Stopped target System Initialization.
         Stopping Update UTMP about System Boot/Shutdown...
[[0;32m  OK  [0m] Stopped Commit a transient machine-id on disk.
         Stopping Load/Save Random Seed...
[[0;32m  OK  [0m] Stopped target Swap.
[[0;32m  OK  [0m] Stopped target Encrypted Volumes.
[[0;32m  OK  [0m] Removed slice User and Session Slice.
[[0;32m  OK  [0m] Stopped Load/Save Random Seed.
[[0;32m  OK  [0m] Stopped Update UTMP about System Boot/Shutdown.
[[0;32m  OK  [0m] Stopped Create Volatile Files and Directories.
[[0;32m  OK  [0m] Stopped Login to default iSCSI targets.
         Stopping iSCSI initiator daemon (iscsid)...
[[0;32m  OK  [0m] Stopped iSCSI initiator daemon (iscsid).
[[0;32m  OK  [0m] Stopped target Network is Online.
[[0;32m  OK  [0m] Stopped Initial cloud-init job (metadata service crawler).
[[0;32m  OK  [0m] Stopped target Network.
         Stopping Raise network interfaces...
[[0;32m  OK  [0m] Stopped Raise network interfaces.
[[0;32m  OK  [0m] Stopped target Network (Pre).
[[0;32m  OK  [0m] Stopped Initial cloud-init job (pre-networking).
[[0;32m  OK  [0m] Stopped target Local File Systems.
         Unmounting /run/user/1000...
         Unmounting /vagrant...
[[0;32m  OK  [0m] Stopped Apply Kernel Variables.
[[0;32m  OK  [0m] Stopped Load Kernel Modules.
[[0;32m  OK  [0m] Unmounted /run/user/1000.
[[0;32m  OK  [0m] Unmounted /vagrant.
[[0;32m  OK  [0m] Reached target Unmount All Filesystems.
[[0;32m  OK  [0m] Stopped target Local File Systems (Pre).
[[0;32m  OK  [0m] Stopped Create Static Device Nodes in /dev.
         Stopping Monitoring of LVM2 mirrors... dmeventd or progress polling...
[[0;32m  OK  [0m] Stopped Remount Root and Kernel File Systems.
[[0;32m  OK  [0m] Reached target Shutdown.
[ 3551.797886] reboot: Power down
